[ 2018-05-20T13:21:53+08:00 ] 127.0.0.1 /
INFO: [ app_init ] --START--
INFO: Run Behavior\BuildLiteBehavior [ RunTime:0.000014s ]
INFO: [ app_init ] --END-- [ RunTime:0.000418s ]
INFO: [ app_begin ] --START--
INFO: Run Behavior\ReadHtmlCacheBehavior [ RunTime:0.000865s ]
INFO: [ app_begin ] --END-- [ RunTime:0.000918s ]
NOTIC: [8] Undefined index: wxb8952d943b52bfe6 C:\Users\15899\Desktop\Property\Application\Home\Controller\BaseController.class.php 第 27 行.
SQL: SHOW COLUMNS FROM `pro_company` [ RunTime:0.0039s ]
SQL: SELECT * FROM `pro_company`  [ RunTime:0.0003s ]
SQL: SHOW COLUMNS FROM `pro_announce` [ RunTime:0.0456s ]
SQL: SELECT * FROM `pro_announce` WHERE ( status = 1 ) ORDER BY create_time desc  [ RunTime:0.0010s ]
INFO: [ view_parse ] --START--
INFO: [ template_filter ] --START--
INFO: Run Behavior\ContentReplaceBehavior [ RunTime:0.000125s ]
INFO: [ template_filter ] --END-- [ RunTime:0.000238s ]
NOTIC: [8] Undefined variable: meta_title C:\Users\15899\Desktop\Property\Application\Runtime\Cache\Home\2a94b8bda04ff446dcedd42276fc99ee.php 第 26 行.
NOTIC: [8] Use of undefined constant msg - assumed 'msg' C:\Users\15899\Desktop\Property\Application\Runtime\Cache\Home\2a94b8bda04ff446dcedd42276fc99ee.php 第 47 行.
NOTIC: [8] Use of undefined constant complaint - assumed 'complaint' C:\Users\15899\Desktop\Property\Application\Runtime\Cache\Home\2a94b8bda04ff446dcedd42276fc99ee.php 第 50 行.
NOTIC: [8] Use of undefined constant device - assumed 'device' C:\Users\15899\Desktop\Property\Application\Runtime\Cache\Home\2a94b8bda04ff446dcedd42276fc99ee.php 第 53 行.
NOTIC: [8] Use of undefined constant my - assumed 'my' C:\Users\15899\Desktop\Property\Application\Runtime\Cache\Home\2a94b8bda04ff446dcedd42276fc99ee.php 第 56 行.
INFO: Run Behavior\ParseTemplateBehavior [ RunTime:0.020388s ]
INFO: [ view_parse ] --END-- [ RunTime:0.020495s ]
INFO: [ view_filter ] --START--
INFO: Run Behavior\WriteHtmlCacheBehavior [ RunTime:0.001080s ]
INFO: [ view_filter ] --END-- [ RunTime:0.001162s ]
INFO: [ app_end ] --START--
INFO: Run Behavior\ShowPageTraceBehavior [ RunTime:0.001505s ]
INFO: [ app_end ] --END-- [ RunTime:0.001596s ]

[ 2018-05-20T13:21:53+08:00 ] 127.0.0.1 HTTP://property.com/
INFO: [ app_init ] --START--
INFO: Run Behavior\BuildLiteBehavior [ RunTime:0.000009s ]
INFO: [ app_init ] --END-- [ RunTime:0.000244s ]
INFO: [ app_begin ] --START--
INFO: Run Behavior\ReadHtmlCacheBehavior [ RunTime:0.000467s ]
INFO: [ app_begin ] --END-- [ RunTime:0.000499s ]
NOTIC: [8] Undefined index: wxb8952d943b52bfe6 C:\Users\15899\Desktop\Property\Application\Home\Controller\BaseController.class.php 第 27 行.
SQL: SHOW COLUMNS FROM `pro_company` [ RunTime:0.0030s ]
SQL: SELECT * FROM `pro_company`  [ RunTime:0.0003s ]
SQL: SHOW COLUMNS FROM `pro_announce` [ RunTime:0.0028s ]
SQL: SELECT * FROM `pro_announce` WHERE ( status = 1 ) ORDER BY create_time desc  [ RunTime:0.0003s ]
INFO: [ view_parse ] --START--
INFO: [ template_filter ] --START--
INFO: Run Behavior\ContentReplaceBehavior [ RunTime:0.000041s ]
INFO: [ template_filter ] --END-- [ RunTime:0.000071s ]
NOTIC: [8] Undefined variable: meta_title C:\Users\15899\Desktop\Property\Application\Runtime\Cache\Home\2a94b8bda04ff446dcedd42276fc99ee.php 第 26 行.
NOTIC: [8] Use of undefined constant msg - assumed 'msg' C:\Users\15899\Desktop\Property\Application\Runtime\Cache\Home\2a94b8bda04ff446dcedd42276fc99ee.php 第 47 行.
NOTIC: [8] Use of undefined constant complaint - assumed 'complaint' C:\Users\15899\Desktop\Property\Application\Runtime\Cache\Home\2a94b8bda04ff446dcedd42276fc99ee.php 第 50 行.
NOTIC: [8] Use of undefined constant device - assumed 'device' C:\Users\15899\Desktop\Property\Application\Runtime\Cache\Home\2a94b8bda04ff446dcedd42276fc99ee.php 第 53 行.
NOTIC: [8] Use of undefined constant my - assumed 'my' C:\Users\15899\Desktop\Property\Application\Runtime\Cache\Home\2a94b8bda04ff446dcedd42276fc99ee.php 第 56 行.
INFO: Run Behavior\ParseTemplateBehavior [ RunTime:0.006086s ]
INFO: [ view_parse ] --END-- [ RunTime:0.006119s ]
INFO: [ view_filter ] --START--
INFO: Run Behavior\WriteHtmlCacheBehavior [ RunTime:0.000320s ]
INFO: [ view_filter ] --END-- [ RunTime:0.000344s ]
INFO: [ app_end ] --START--
INFO: Run Behavior\ShowPageTraceBehavior [ RunTime:0.000394s ]
INFO: [ app_end ] --END-- [ RunTime:0.000421s ]

[ 2018-05-20T13:21:55+08:00 ] 127.0.0.1 /
INFO: [ app_init ] --START--
INFO: Run Behavior\BuildLiteBehavior [ RunTime:0.000042s ]
INFO: [ app_init ] --END-- [ RunTime:0.001404s ]
INFO: [ app_begin ] --START--
INFO: Run Behavior\ReadHtmlCacheBehavior [ RunTime:0.001953s ]
INFO: [ app_begin ] --END-- [ RunTime:0.002091s ]
NOTIC: [8] Undefined index: wxb8952d943b52bfe6 C:\Users\15899\Desktop\Property\Application\Home\Controller\BaseController.class.php 第 27 行.
SQL: SHOW COLUMNS FROM `pro_company` [ RunTime:0.0121s ]
SQL: SELECT * FROM `pro_company`  [ RunTime:0.0009s ]
SQL: SHOW COLUMNS FROM `pro_announce` [ RunTime:0.0087s ]
SQL: SELECT * FROM `pro_announce` WHERE ( status = 1 ) ORDER BY create_time desc  [ RunTime:0.0009s ]
INFO: [ view_parse ] --START--
INFO: [ template_filter ] --START--
INFO: Run Behavior\ContentReplaceBehavior [ RunTime:0.000147s ]
INFO: [ template_filter ] --END-- [ RunTime:0.000268s ]
NOTIC: [8] Undefined variable: meta_title C:\Users\15899\Desktop\Property\Application\Runtime\Cache\Home\2a94b8bda04ff446dcedd42276fc99ee.php 第 26 行.
NOTIC: [8] Use of undefined constant msg - assumed 'msg' C:\Users\15899\Desktop\Property\Application\Runtime\Cache\Home\2a94b8bda04ff446dcedd42276fc99ee.php 第 47 行.
NOTIC: [8] Use of undefined constant complaint - assumed 'complaint' C:\Users\15899\Desktop\Property\Application\Runtime\Cache\Home\2a94b8bda04ff446dcedd42276fc99ee.php 第 50 行.
NOTIC: [8] Use of undefined constant device - assumed 'device' C:\Users\15899\Desktop\Property\Application\Runtime\Cache\Home\2a94b8bda04ff446dcedd42276fc99ee.php 第 53 行.
NOTIC: [8] Use of undefined constant my - assumed 'my' C:\Users\15899\Desktop\Property\Application\Runtime\Cache\Home\2a94b8bda04ff446dcedd42276fc99ee.php 第 56 行.
INFO: Run Behavior\ParseTemplateBehavior [ RunTime:0.022597s ]
INFO: [ view_parse ] --END-- [ RunTime:0.022716s ]
INFO: [ view_filter ] --START--
INFO: Run Behavior\WriteHtmlCacheBehavior [ RunTime:0.001062s ]
INFO: [ view_filter ] --END-- [ RunTime:0.001157s ]
INFO: [ app_end ] --START--
INFO: Run Behavior\ShowPageTraceBehavior [ RunTime:0.001762s ]
INFO: [ app_end ] --END-- [ RunTime:0.001870s ]

[ 2018-05-20T13:21:56+08:00 ] 127.0.0.1 /index.php
INFO: [ app_init ] --START--
INFO: Run Behavior\BuildLiteBehavior [ RunTime:0.000036s ]
INFO: [ app_init ] --END-- [ RunTime:0.000998s ]
INFO: [ app_begin ] --START--
INFO: Run Behavior\ReadHtmlCacheBehavior [ RunTime:0.001637s ]
INFO: [ app_begin ] --END-- [ RunTime:0.001798s ]
NOTIC: [8] Undefined index: wxb8952d943b52bfe6 C:\Users\15899\Desktop\Property\Application\Home\Controller\BaseController.class.php 第 27 行.
SQL: SHOW COLUMNS FROM `pro_company` [ RunTime:0.0119s ]
SQL: SELECT * FROM `pro_company`  [ RunTime:0.0008s ]
SQL: SHOW COLUMNS FROM `pro_announce` [ RunTime:0.0099s ]
SQL: SELECT * FROM `pro_announce` WHERE ( status = 1 ) ORDER BY create_time desc  [ RunTime:0.0012s ]
INFO: [ view_parse ] --START--
INFO: [ template_filter ] --START--
INFO: Run Behavior\ContentReplaceBehavior [ RunTime:0.000188s ]
INFO: [ template_filter ] --END-- [ RunTime:0.000355s ]
NOTIC: [8] Undefined variable: meta_title C:\Users\15899\Desktop\Property\Application\Runtime\Cache\Home\2a94b8bda04ff446dcedd42276fc99ee.php 第 26 行.
NOTIC: [8] Use of undefined constant msg - assumed 'msg' C:\Users\15899\Desktop\Property\Application\Runtime\Cache\Home\2a94b8bda04ff446dcedd42276fc99ee.php 第 47 行.
NOTIC: [8] Use of undefined constant complaint - assumed 'complaint' C:\Users\15899\Desktop\Property\Application\Runtime\Cache\Home\2a94b8bda04ff446dcedd42276fc99ee.php 第 50 行.
NOTIC: [8] Use of undefined constant device - assumed 'device' C:\Users\15899\Desktop\Property\Application\Runtime\Cache\Home\2a94b8bda04ff446dcedd42276fc99ee.php 第 53 行.
NOTIC: [8] Use of undefined constant my - assumed 'my' C:\Users\15899\Desktop\Property\Application\Runtime\Cache\Home\2a94b8bda04ff446dcedd42276fc99ee.php 第 56 行.
INFO: Run Behavior\ParseTemplateBehavior [ RunTime:0.023714s ]
INFO: [ view_parse ] --END-- [ RunTime:0.023888s ]
INFO: [ view_filter ] --START--
INFO: Run Behavior\WriteHtmlCacheBehavior [ RunTime:0.000987s ]
INFO: [ view_filter ] --END-- [ RunTime:0.001155s ]
INFO: [ app_end ] --START--
INFO: Run Behavior\ShowPageTraceBehavior [ RunTime:0.001729s ]
INFO: [ app_end ] --END-- [ RunTime:0.001846s ]

