[ 2018-05-16T13:55:20+08:00 ] 127.0.0.1 /index.php/Home/com/notify
INFO: [ app_init ] --START--
INFO: Run Behavior\BuildLiteBehavior [ RunTime:0.000020s ]
INFO: [ app_init ] --END-- [ RunTime:0.001493s ]
INFO: [ app_begin ] --START--
INFO: Run Behavior\ReadHtmlCacheBehavior [ RunTime:0.000936s ]
INFO: [ app_begin ] --END-- [ RunTime:0.000992s ]

[ 2018-05-16T13:55:45+08:00 ] 127.0.0.1 /index.php/Home/com/notify
INFO: [ app_init ] --START--
INFO: Run Behavior\BuildLiteBehavior [ RunTime:0.000010s ]
INFO: [ app_init ] --END-- [ RunTime:0.000292s ]
INFO: [ app_begin ] --START--
INFO: Run Behavior\ReadHtmlCacheBehavior [ RunTime:0.000511s ]
INFO: [ app_begin ] --END-- [ RunTime:0.000562s ]
NOTIC: [2] array_key_exists() expects parameter 2 to be array, string given C:\Users\15899\Desktop\Property\Application\Home\Controller\ComController.class.php 第 100 行.
NOTIC: [2] array_filter() expects parameter 1 to be array, string given C:\Users\15899\Desktop\Property\Application\Home\Controller\ComController.class.php 第 105 行.
NOTIC: [2] ksort() expects parameter 1 to be array, null given C:\Users\15899\Desktop\Property\Application\Home\Controller\ComController.class.php 第 107 行.
NOTIC: [2] http_build_query(): Parameter 1 expected to be Array or Object.  Incorrect value given C:\Users\15899\Desktop\Property\Application\Home\Controller\ComController.class.php 第 109 行.
NOTIC: [2] Illegal string offset 'sign' C:\Users\15899\Desktop\Property\Application\Home\Controller\ComController.class.php 第 125 行.
NOTIC: [8] Uninitialized string offset: 0 C:\Users\15899\Desktop\Property\Application\Home\Controller\ComController.class.php 第 125 行.
INFO: [ app_end ] --START--
INFO: Run Behavior\ShowPageTraceBehavior [ RunTime:0.002892s ]
INFO: [ app_end ] --END-- [ RunTime:0.003145s ]

[ 2018-05-16T15:26:00+08:00 ] 127.0.0.1 /index.php/
INFO: [ app_init ] --START--
INFO: Run Behavior\BuildLiteBehavior [ RunTime:0.000035s ]
INFO: [ app_init ] --END-- [ RunTime:0.000796s ]
INFO: [ app_begin ] --START--
INFO: Run Behavior\ReadHtmlCacheBehavior [ RunTime:0.001440s ]
INFO: [ app_begin ] --END-- [ RunTime:0.001532s ]
NOTIC: [8] Undefined index: wxb8952d943b52bfe6 C:\Users\15899\Desktop\Property\Application\Home\Controller\BaseController.class.php 第 20 行.
SQL: SHOW COLUMNS FROM `pro_announce` [ RunTime:0.3496s ]
SQL: SELECT * FROM `pro_announce` WHERE ( status = 1 )  [ RunTime:0.0016s ]
INFO: [ view_parse ] --START--
INFO: [ template_filter ] --START--
INFO: Run Behavior\ContentReplaceBehavior [ RunTime:0.001989s ]
INFO: [ template_filter ] --END-- [ RunTime:0.002082s ]
NOTIC: [8] Undefined variable: meta_title C:\Users\15899\Desktop\Property\Application\Runtime\Cache\Home\2a94b8bda04ff446dcedd42276fc99ee.php 第 6 行.
NOTIC: [8] Use of undefined constant msg - assumed 'msg' C:\Users\15899\Desktop\Property\Application\Runtime\Cache\Home\2a94b8bda04ff446dcedd42276fc99ee.php 第 45 行.
NOTIC: [8] Use of undefined constant complaint - assumed 'complaint' C:\Users\15899\Desktop\Property\Application\Runtime\Cache\Home\2a94b8bda04ff446dcedd42276fc99ee.php 第 48 行.
NOTIC: [8] Use of undefined constant device - assumed 'device' C:\Users\15899\Desktop\Property\Application\Runtime\Cache\Home\2a94b8bda04ff446dcedd42276fc99ee.php 第 51 行.
NOTIC: [8] Use of undefined constant my - assumed 'my' C:\Users\15899\Desktop\Property\Application\Runtime\Cache\Home\2a94b8bda04ff446dcedd42276fc99ee.php 第 54 行.
INFO: Run Behavior\ParseTemplateBehavior [ RunTime:0.024450s ]
INFO: [ view_parse ] --END-- [ RunTime:0.024533s ]
INFO: [ view_filter ] --START--
INFO: Run Behavior\WriteHtmlCacheBehavior [ RunTime:0.001101s ]
INFO: [ view_filter ] --END-- [ RunTime:0.001169s ]
INFO: [ app_end ] --START--
INFO: Run Behavior\ShowPageTraceBehavior [ RunTime:0.001280s ]
INFO: [ app_end ] --END-- [ RunTime:0.001355s ]

[ 2018-05-16T18:47:18+08:00 ] 127.0.0.1 /index.php/Home/Order/index.html
INFO: [ app_init ] --START--
INFO: Run Behavior\BuildLiteBehavior [ RunTime:0.000023s ]
INFO: [ app_init ] --END-- [ RunTime:0.000294s ]
INFO: [ app_begin ] --START--
INFO: Run Behavior\ReadHtmlCacheBehavior [ RunTime:0.000478s ]
INFO: [ app_begin ] --END-- [ RunTime:0.000511s ]
ERR: 无法加载控制器:Order

[ 2018-05-16T18:47:22+08:00 ] 127.0.0.1 /index.php/Home/
INFO: [ app_init ] --START--
INFO: Run Behavior\BuildLiteBehavior [ RunTime:0.000011s ]
INFO: [ app_init ] --END-- [ RunTime:0.000263s ]
INFO: [ app_begin ] --START--
INFO: Run Behavior\ReadHtmlCacheBehavior [ RunTime:0.000555s ]
INFO: [ app_begin ] --END-- [ RunTime:0.000591s ]
SQL: SHOW COLUMNS FROM `pro_announce` [ RunTime:0.0132s ]
SQL: SELECT * FROM `pro_announce` WHERE ( status = 1 ) ORDER BY create_time desc  [ RunTime:0.0010s ]
INFO: [ view_parse ] --START--
INFO: [ template_filter ] --START--
INFO: Run Behavior\ContentReplaceBehavior [ RunTime:0.000234s ]
INFO: [ template_filter ] --END-- [ RunTime:0.000425s ]
NOTIC: [8] Undefined variable: meta_title C:\Users\15899\Desktop\Property\Application\Runtime\Cache\Home\2a94b8bda04ff446dcedd42276fc99ee.php 第 6 行.
NOTIC: [8] Use of undefined constant msg - assumed 'msg' C:\Users\15899\Desktop\Property\Application\Runtime\Cache\Home\2a94b8bda04ff446dcedd42276fc99ee.php 第 46 行.
NOTIC: [8] Use of undefined constant complaint - assumed 'complaint' C:\Users\15899\Desktop\Property\Application\Runtime\Cache\Home\2a94b8bda04ff446dcedd42276fc99ee.php 第 49 行.
NOTIC: [8] Use of undefined constant device - assumed 'device' C:\Users\15899\Desktop\Property\Application\Runtime\Cache\Home\2a94b8bda04ff446dcedd42276fc99ee.php 第 52 行.
NOTIC: [8] Use of undefined constant my - assumed 'my' C:\Users\15899\Desktop\Property\Application\Runtime\Cache\Home\2a94b8bda04ff446dcedd42276fc99ee.php 第 55 行.
NOTIC: [8] Undefined index: company C:\Users\15899\Desktop\Property\Application\Runtime\Cache\Home\2a94b8bda04ff446dcedd42276fc99ee.php 第 61 行.
INFO: Run Behavior\ParseTemplateBehavior [ RunTime:0.024274s ]
INFO: [ view_parse ] --END-- [ RunTime:0.024457s ]
INFO: [ view_filter ] --START--
INFO: Run Behavior\WriteHtmlCacheBehavior [ RunTime:0.001109s ]
INFO: [ view_filter ] --END-- [ RunTime:0.001204s ]
INFO: [ app_end ] --START--
INFO: Run Behavior\ShowPageTraceBehavior [ RunTime:0.001847s ]
INFO: [ app_end ] --END-- [ RunTime:0.001958s ]

[ 2018-05-16T18:47:28+08:00 ] 127.0.0.1 /index.php/Home/Index/my.html
INFO: [ app_init ] --START--
INFO: Run Behavior\BuildLiteBehavior [ RunTime:0.000009s ]
INFO: [ app_init ] --END-- [ RunTime:0.000285s ]
INFO: [ app_begin ] --START--
INFO: Run Behavior\ReadHtmlCacheBehavior [ RunTime:0.000480s ]
INFO: [ app_begin ] --END-- [ RunTime:0.000514s ]
SQL: SHOW COLUMNS FROM `pro_user` [ RunTime:0.0097s ]
NOTIC: [8] Undefined index: wxb8952d943b52bfe6 C:\Users\15899\Desktop\Property\Application\Home\Controller\IndexController.class.php 第 25 行.
ERR: 1064:You have an error in your SQL syntax; check the manual that corresponds to your MySQL server version for the right syntax to use near ') LIMIT 1' at line 1
 [ SQL语句 ] : SELECT * FROM `pro_user` WHERE ( uid =  ) LIMIT 1  
ERR: 1064:You have an error in your SQL syntax; check the manual that corresponds to your MySQL server version for the right syntax to use near ') LIMIT 1' at line 1
 [ SQL语句 ] : SELECT * FROM `pro_user` WHERE ( uid =  ) LIMIT 1  

[ 2018-05-16T18:47:37+08:00 ] 127.0.0.1 /index.php/Home/Index/adbout
INFO: [ app_init ] --START--
INFO: Run Behavior\BuildLiteBehavior [ RunTime:0.000010s ]
INFO: [ app_init ] --END-- [ RunTime:0.000321s ]
INFO: [ app_begin ] --START--
INFO: Run Behavior\ReadHtmlCacheBehavior [ RunTime:0.000494s ]
INFO: [ app_begin ] --END-- [ RunTime:0.000527s ]
ERR: 非法操作:adbout

[ 2018-05-16T18:47:44+08:00 ] 127.0.0.1 /index.php/Home/Index/about
INFO: [ app_init ] --START--
INFO: Run Behavior\BuildLiteBehavior [ RunTime:0.000010s ]
INFO: [ app_init ] --END-- [ RunTime:0.000252s ]
INFO: [ app_begin ] --START--
INFO: Run Behavior\ReadHtmlCacheBehavior [ RunTime:0.000392s ]
INFO: [ app_begin ] --END-- [ RunTime:0.000425s ]
INFO: [ view_parse ] --START--
INFO: [ template_filter ] --START--
INFO: Run Behavior\ContentReplaceBehavior [ RunTime:0.000039s ]
INFO: [ template_filter ] --END-- [ RunTime:0.000086s ]
NOTIC: [8] Undefined variable: meta_title C:\Users\15899\Desktop\Property\Application\Runtime\Cache\Home\09ccd45952ce225a1a2986a81cc5705c.php 第 6 行.
NOTIC: [8] Undefined index: company C:\Users\15899\Desktop\Property\Application\Runtime\Cache\Home\09ccd45952ce225a1a2986a81cc5705c.php 第 24 行.
NOTIC: [8] Undefined index: company C:\Users\15899\Desktop\Property\Application\Runtime\Cache\Home\09ccd45952ce225a1a2986a81cc5705c.php 第 25 行.
NOTIC: [8] Undefined index: company C:\Users\15899\Desktop\Property\Application\Runtime\Cache\Home\09ccd45952ce225a1a2986a81cc5705c.php 第 26 行.
NOTIC: [8] Undefined index: company C:\Users\15899\Desktop\Property\Application\Runtime\Cache\Home\09ccd45952ce225a1a2986a81cc5705c.php 第 27 行.
NOTIC: [8] Undefined index: company C:\Users\15899\Desktop\Property\Application\Runtime\Cache\Home\09ccd45952ce225a1a2986a81cc5705c.php 第 28 行.
INFO: Run Behavior\ParseTemplateBehavior [ RunTime:0.008010s ]
INFO: [ view_parse ] --END-- [ RunTime:0.008078s ]
INFO: [ view_filter ] --START--
INFO: Run Behavior\WriteHtmlCacheBehavior [ RunTime:0.000510s ]
INFO: [ view_filter ] --END-- [ RunTime:0.000545s ]
INFO: [ app_end ] --START--
INFO: Run Behavior\ShowPageTraceBehavior [ RunTime:0.000679s ]
INFO: [ app_end ] --END-- [ RunTime:0.000714s ]

[ 2018-05-16T18:48:05+08:00 ] 127.0.0.1 /index.php/Home/Index/about
INFO: [ app_init ] --START--
INFO: Run Behavior\BuildLiteBehavior [ RunTime:0.000012s ]
INFO: [ app_init ] --END-- [ RunTime:0.000322s ]
INFO: [ app_begin ] --START--
INFO: Run Behavior\ReadHtmlCacheBehavior [ RunTime:0.000579s ]
INFO: [ app_begin ] --END-- [ RunTime:0.000614s ]
INFO: [ view_parse ] --START--
INFO: [ template_filter ] --START--
INFO: Run Behavior\ContentReplaceBehavior [ RunTime:0.000031s ]
INFO: [ template_filter ] --END-- [ RunTime:0.000066s ]
NOTIC: [8] Undefined variable: meta_title C:\Users\15899\Desktop\Property\Application\Runtime\Cache\Home\09ccd45952ce225a1a2986a81cc5705c.php 第 6 行.
NOTIC: [8] Undefined index: company C:\Users\15899\Desktop\Property\Application\Runtime\Cache\Home\09ccd45952ce225a1a2986a81cc5705c.php 第 24 行.
NOTIC: [8] Undefined index: company C:\Users\15899\Desktop\Property\Application\Runtime\Cache\Home\09ccd45952ce225a1a2986a81cc5705c.php 第 25 行.
NOTIC: [8] Undefined index: company C:\Users\15899\Desktop\Property\Application\Runtime\Cache\Home\09ccd45952ce225a1a2986a81cc5705c.php 第 26 行.
NOTIC: [8] Undefined index: company C:\Users\15899\Desktop\Property\Application\Runtime\Cache\Home\09ccd45952ce225a1a2986a81cc5705c.php 第 27 行.
NOTIC: [8] Undefined index: company C:\Users\15899\Desktop\Property\Application\Runtime\Cache\Home\09ccd45952ce225a1a2986a81cc5705c.php 第 28 行.
INFO: Run Behavior\ParseTemplateBehavior [ RunTime:0.005767s ]
INFO: [ view_parse ] --END-- [ RunTime:0.005850s ]
INFO: [ view_filter ] --START--
INFO: Run Behavior\WriteHtmlCacheBehavior [ RunTime:0.000456s ]
INFO: [ view_filter ] --END-- [ RunTime:0.000498s ]
INFO: [ app_end ] --START--
INFO: Run Behavior\ShowPageTraceBehavior [ RunTime:0.000597s ]
INFO: [ app_end ] --END-- [ RunTime:0.000629s ]

[ 2018-05-16T18:49:46+08:00 ] 127.0.0.1 /index.php/Home/Index/adbout
INFO: [ app_init ] --START--
INFO: Run Behavior\BuildLiteBehavior [ RunTime:0.000010s ]
INFO: [ app_init ] --END-- [ RunTime:0.000294s ]
INFO: [ app_begin ] --START--
INFO: Run Behavior\ReadHtmlCacheBehavior [ RunTime:0.000515s ]
INFO: [ app_begin ] --END-- [ RunTime:0.000552s ]
ERR: 非法操作:adbout

[ 2018-05-16T18:49:49+08:00 ] 127.0.0.1 /index.php/Home/Index/msg.html
INFO: [ app_init ] --START--
INFO: Run Behavior\BuildLiteBehavior [ RunTime:0.000010s ]
INFO: [ app_init ] --END-- [ RunTime:0.000256s ]
INFO: [ app_begin ] --START--
INFO: Run Behavior\ReadHtmlCacheBehavior [ RunTime:0.000434s ]
INFO: [ app_begin ] --END-- [ RunTime:0.000466s ]
SQL: SHOW COLUMNS FROM `pro_msg` [ RunTime:0.1065s ]
NOTIC: [8] Undefined index: wxb8952d943b52bfe6 C:\Users\15899\Desktop\Property\Application\Home\Controller\IndexController.class.php 第 152 行.
ERR: 1064:You have an error in your SQL syntax; check the manual that corresponds to your MySQL server version for the right syntax to use near ') ORDER BY create_time desc' at line 1
 [ SQL语句 ] : SELECT * FROM `pro_msg` WHERE ( uid =  ) ORDER BY create_time desc 
ERR: 1064:You have an error in your SQL syntax; check the manual that corresponds to your MySQL server version for the right syntax to use near ') ORDER BY create_time desc' at line 1
 [ SQL语句 ] : SELECT * FROM `pro_msg` WHERE ( uid =  ) ORDER BY create_time desc 

[ 2018-05-16T18:53:32+08:00 ] 127.0.0.1 /index.php/Home/Index/msg.html
INFO: [ app_init ] --START--
INFO: Run Behavior\BuildLiteBehavior [ RunTime:0.000010s ]
INFO: [ app_init ] --END-- [ RunTime:0.000280s ]
INFO: [ app_begin ] --START--
INFO: Run Behavior\ReadHtmlCacheBehavior [ RunTime:0.000543s ]
INFO: [ app_begin ] --END-- [ RunTime:0.000578s ]
NOTIC: [8] Undefined index: wxb8952d943b52bfe6 C:\Users\15899\Desktop\Property\Application\Home\Controller\BaseController.class.php 第 26 行.
SQL: SHOW COLUMNS FROM `pro_company` [ RunTime:0.0120s ]
SQL: SELECT * FROM `pro_company`  [ RunTime:0.0008s ]
SQL: SHOW COLUMNS FROM `pro_msg` [ RunTime:0.0092s ]
NOTIC: [8] Undefined index: wxb8952d943b52bfe6 C:\Users\15899\Desktop\Property\Application\Home\Controller\IndexController.class.php 第 152 行.
ERR: 1064:You have an error in your SQL syntax; check the manual that corresponds to your MySQL server version for the right syntax to use near ') ORDER BY create_time desc' at line 1
 [ SQL语句 ] : SELECT * FROM `pro_msg` WHERE ( uid =  ) ORDER BY create_time desc 
ERR: 1064:You have an error in your SQL syntax; check the manual that corresponds to your MySQL server version for the right syntax to use near ') ORDER BY create_time desc' at line 1
 [ SQL语句 ] : SELECT * FROM `pro_msg` WHERE ( uid =  ) ORDER BY create_time desc 

