[ 2018-05-21T18:21:52+08:00 ] 127.0.0.1 /index.php
INFO: [ app_init ] --START--
INFO: Run Behavior\BuildLiteBehavior [ RunTime:0.000011s ]
INFO: [ app_init ] --END-- [ RunTime:0.000293s ]
INFO: [ app_begin ] --START--
INFO: Run Behavior\ReadHtmlCacheBehavior [ RunTime:0.000540s ]
INFO: [ app_begin ] --END-- [ RunTime:0.000583s ]
NOTIC: [8] Undefined index: wxb8952d943b52bfe6 C:\Users\15899\Desktop\Property\Application\Home\Controller\BaseController.class.php 第 27 行.
SQL: SHOW COLUMNS FROM `pro_company` [ RunTime:0.0040s ]
SQL: SELECT * FROM `pro_company`  [ RunTime:0.0003s ]
SQL: SHOW COLUMNS FROM `pro_announce` [ RunTime:0.0037s ]
SQL: SELECT * FROM `pro_announce` WHERE ( status = 1 ) ORDER BY create_time desc  [ RunTime:0.0006s ]
INFO: [ view_parse ] --START--
INFO: [ template_filter ] --START--
INFO: Run Behavior\ContentReplaceBehavior [ RunTime:0.000043s ]
INFO: [ template_filter ] --END-- [ RunTime:0.000081s ]
NOTIC: [8] Undefined variable: meta_title C:\Users\15899\Desktop\Property\Application\Runtime\Cache\Home\2a94b8bda04ff446dcedd42276fc99ee.php 第 26 行.
NOTIC: [8] Use of undefined constant msg - assumed 'msg' C:\Users\15899\Desktop\Property\Application\Runtime\Cache\Home\2a94b8bda04ff446dcedd42276fc99ee.php 第 47 行.
NOTIC: [8] Use of undefined constant complaint - assumed 'complaint' C:\Users\15899\Desktop\Property\Application\Runtime\Cache\Home\2a94b8bda04ff446dcedd42276fc99ee.php 第 50 行.
NOTIC: [8] Use of undefined constant device - assumed 'device' C:\Users\15899\Desktop\Property\Application\Runtime\Cache\Home\2a94b8bda04ff446dcedd42276fc99ee.php 第 53 行.
NOTIC: [8] Use of undefined constant my - assumed 'my' C:\Users\15899\Desktop\Property\Application\Runtime\Cache\Home\2a94b8bda04ff446dcedd42276fc99ee.php 第 56 行.
INFO: Run Behavior\ParseTemplateBehavior [ RunTime:0.018793s ]
INFO: [ view_parse ] --END-- [ RunTime:0.018832s ]
INFO: [ view_filter ] --START--
INFO: Run Behavior\WriteHtmlCacheBehavior [ RunTime:0.000321s ]
INFO: [ view_filter ] --END-- [ RunTime:0.000346s ]
INFO: [ app_end ] --START--
INFO: Run Behavior\ShowPageTraceBehavior [ RunTime:0.000518s ]
INFO: [ app_end ] --END-- [ RunTime:0.000547s ]

[ 2018-05-21T19:40:34+08:00 ] 127.0.0.1 /index.php
INFO: [ app_init ] --START--
INFO: Run Behavior\BuildLiteBehavior [ RunTime:0.000024s ]
INFO: [ app_init ] --END-- [ RunTime:0.000730s ]
INFO: [ app_begin ] --START--
INFO: Run Behavior\ReadHtmlCacheBehavior [ RunTime:0.001279s ]
INFO: [ app_begin ] --END-- [ RunTime:0.001375s ]
NOTIC: [8] Undefined index: wxb8952d943b52bfe6 C:\Users\15899\Desktop\Property\Application\Home\Controller\BaseController.class.php 第 27 行.
SQL: SHOW COLUMNS FROM `pro_company` [ RunTime:0.0058s ]
SQL: SELECT * FROM `pro_company`  [ RunTime:0.0003s ]
SQL: SHOW COLUMNS FROM `pro_announce` [ RunTime:0.0031s ]
SQL: SELECT * FROM `pro_announce` WHERE ( status = 1 ) ORDER BY create_time desc  [ RunTime:0.0004s ]
INFO: [ view_parse ] --START--
INFO: [ template_filter ] --START--
INFO: Run Behavior\ContentReplaceBehavior [ RunTime:0.000041s ]
INFO: [ template_filter ] --END-- [ RunTime:0.000073s ]
NOTIC: [8] Undefined variable: meta_title C:\Users\15899\Desktop\Property\Application\Runtime\Cache\Home\2a94b8bda04ff446dcedd42276fc99ee.php 第 26 行.
NOTIC: [8] Use of undefined constant msg - assumed 'msg' C:\Users\15899\Desktop\Property\Application\Runtime\Cache\Home\2a94b8bda04ff446dcedd42276fc99ee.php 第 47 行.
NOTIC: [8] Use of undefined constant complaint - assumed 'complaint' C:\Users\15899\Desktop\Property\Application\Runtime\Cache\Home\2a94b8bda04ff446dcedd42276fc99ee.php 第 50 行.
NOTIC: [8] Use of undefined constant device - assumed 'device' C:\Users\15899\Desktop\Property\Application\Runtime\Cache\Home\2a94b8bda04ff446dcedd42276fc99ee.php 第 53 行.
NOTIC: [8] Use of undefined constant my - assumed 'my' C:\Users\15899\Desktop\Property\Application\Runtime\Cache\Home\2a94b8bda04ff446dcedd42276fc99ee.php 第 56 行.
INFO: Run Behavior\ParseTemplateBehavior [ RunTime:0.006539s ]
INFO: [ view_parse ] --END-- [ RunTime:0.006585s ]
INFO: [ view_filter ] --START--
INFO: Run Behavior\WriteHtmlCacheBehavior [ RunTime:0.000315s ]
INFO: [ view_filter ] --END-- [ RunTime:0.000341s ]
INFO: [ app_end ] --START--
INFO: Run Behavior\ShowPageTraceBehavior [ RunTime:0.000544s ]
INFO: [ app_end ] --END-- [ RunTime:0.000600s ]

