[ 2018-05-18T12:43:03+08:00 ] 127.0.0.1 /index.php/Admin/Login/index
INFO: [ app_begin ] --START--
INFO: Run Behavior\ReadHtmlCacheBehavior [ RunTime:0.000396s ]
INFO: [ app_begin ] --END-- [ RunTime:0.000633s ]
SQL: SHOW COLUMNS FROM `pro_admin` [ RunTime:0.1087s ]
SQL: SELECT * FROM `pro_admin` WHERE ( username = 'admin' and status = 1 ) LIMIT 1   [ RunTime:0.0010s ]
SQL: SHOW COLUMNS FROM `pro_company` [ RunTime:0.0171s ]
SQL: SELECT * FROM `pro_company`  [ RunTime:0.0009s ]

[ 2018-05-18T12:43:52+08:00 ] 127.0.0.1 /index.php/Admin/System/add
INFO: [ app_begin ] --START--
INFO: Run Behavior\ReadHtmlCacheBehavior [ RunTime:0.000407s ]
INFO: [ app_begin ] --END-- [ RunTime:0.000688s ]
SQL: SHOW COLUMNS FROM `pro_menu` [ RunTime:0.0050s ]
SQL: SELECT * FROM `pro_menu` WHERE ( hide = 0 ) ORDER BY sort desc  [ RunTime:0.0004s ]
SQL: SHOW COLUMNS FROM `pro_menu` [ RunTime:0.0030s ]
NOTIC: [8] Undefined index: validate C:\Users\15899\Desktop\Property\ThinkPHP\Library\Think\Model.class.php 第 1185 行.
NOTIC: [8] Undefined index: auto C:\Users\15899\Desktop\Property\ThinkPHP\Library\Think\Model.class.php 第 1128 行.
SQL: INSERT INTO `pro_menu` (`title`,`sort`,`url`,`parent_id`,`group`) VALUES ('小区管理','4','System/village','1','后台管理') [ RunTime:0.0118s ]

[ 2018-05-18T12:44:05+08:00 ] 127.0.0.1 /index.php/Admin/System/edit
INFO: [ app_begin ] --START--
INFO: Run Behavior\ReadHtmlCacheBehavior [ RunTime:0.000397s ]
INFO: [ app_begin ] --END-- [ RunTime:0.000690s ]
SQL: SHOW COLUMNS FROM `pro_menu` [ RunTime:0.0062s ]
SQL: SELECT * FROM `pro_menu` WHERE ( hide = 0 ) ORDER BY sort desc  [ RunTime:0.0006s ]
SQL: SHOW COLUMNS FROM `pro_menu` [ RunTime:0.0038s ]
NOTIC: [8] Undefined index: validate C:\Users\15899\Desktop\Property\ThinkPHP\Library\Think\Model.class.php 第 1185 行.
NOTIC: [8] Undefined index: auto C:\Users\15899\Desktop\Property\ThinkPHP\Library\Think\Model.class.php 第 1128 行.
SQL: UPDATE `pro_menu` SET `title`='物业设置',`sort`='5',`url`='System/set',`parent_id`='1',`group`='后台管理',`hide`='0' WHERE ( id = 2 ) [ RunTime:0.0029s ]

[ 2018-05-18T12:44:22+08:00 ] 127.0.0.1 /index.php/Admin/System/edit
INFO: [ app_begin ] --START--
INFO: Run Behavior\ReadHtmlCacheBehavior [ RunTime:0.000426s ]
INFO: [ app_begin ] --END-- [ RunTime:0.000804s ]
SQL: SHOW COLUMNS FROM `pro_menu` [ RunTime:0.0049s ]
SQL: SELECT * FROM `pro_menu` WHERE ( hide = 0 ) ORDER BY sort desc  [ RunTime:0.0004s ]
SQL: SHOW COLUMNS FROM `pro_menu` [ RunTime:0.0032s ]
NOTIC: [8] Undefined index: validate C:\Users\15899\Desktop\Property\ThinkPHP\Library\Think\Model.class.php 第 1185 行.
NOTIC: [8] Undefined index: auto C:\Users\15899\Desktop\Property\ThinkPHP\Library\Think\Model.class.php 第 1128 行.
SQL: UPDATE `pro_menu` SET `title`='菜单管理',`sort`='6',`url`='System/index',`parent_id`='1',`group`='后台管理',`hide`='0' WHERE ( id = 3 ) [ RunTime:0.0003s ]

[ 2018-05-18T12:52:57+08:00 ] 127.0.0.1 /index.php/Admin/System/addvillage
INFO: [ app_begin ] --START--
INFO: Run Behavior\ReadHtmlCacheBehavior [ RunTime:0.000655s ]
INFO: [ app_begin ] --END-- [ RunTime:0.000992s ]
SQL: SHOW COLUMNS FROM `pro_menu` [ RunTime:0.0066s ]
SQL: SELECT * FROM `pro_menu` WHERE ( hide = 0 ) ORDER BY sort desc  [ RunTime:0.0005s ]
SQL: SHOW COLUMNS FROM `pro_village` [ RunTime:0.0033s ]
NOTIC: [8] Undefined index: validate C:\Users\15899\Desktop\Property\ThinkPHP\Library\Think\Model.class.php 第 1185 行.
NOTIC: [8] Undefined index: auto C:\Users\15899\Desktop\Property\ThinkPHP\Library\Think\Model.class.php 第 1128 行.
SQL: INSERT INTO `pro_village` (`name`,`address`) VALUES ('春暖花开','佛挡杀佛') [ RunTime:0.0004s ]

[ 2018-05-18T12:53:30+08:00 ] 127.0.0.1 /index.php/Admin/System/addvillage
INFO: [ app_begin ] --START--
INFO: Run Behavior\ReadHtmlCacheBehavior [ RunTime:0.000401s ]
INFO: [ app_begin ] --END-- [ RunTime:0.000677s ]
SQL: SHOW COLUMNS FROM `pro_menu` [ RunTime:0.0057s ]
SQL: SELECT * FROM `pro_menu` WHERE ( hide = 0 ) ORDER BY sort desc  [ RunTime:0.0005s ]
SQL: SHOW COLUMNS FROM `pro_village` [ RunTime:0.0028s ]
NOTIC: [8] Undefined index: validate C:\Users\15899\Desktop\Property\ThinkPHP\Library\Think\Model.class.php 第 1185 行.
NOTIC: [8] Undefined index: auto C:\Users\15899\Desktop\Property\ThinkPHP\Library\Think\Model.class.php 第 1128 行.
SQL: INSERT INTO `pro_village` (`name`,`address`,`create_time`) VALUES ('讽德诵功','个梵蒂冈','2018-05-18 12:53:30') [ RunTime:0.0002s ]

[ 2018-05-18T12:53:56+08:00 ] 127.0.0.1 /index.php/Admin/System/addvillage
INFO: [ app_begin ] --START--
INFO: Run Behavior\ReadHtmlCacheBehavior [ RunTime:0.000421s ]
INFO: [ app_begin ] --END-- [ RunTime:0.000715s ]
SQL: SHOW COLUMNS FROM `pro_menu` [ RunTime:0.0061s ]
SQL: SELECT * FROM `pro_menu` WHERE ( hide = 0 ) ORDER BY sort desc  [ RunTime:0.0004s ]
SQL: SHOW COLUMNS FROM `pro_village` [ RunTime:0.0044s ]
NOTIC: [8] Undefined index: validate C:\Users\15899\Desktop\Property\ThinkPHP\Library\Think\Model.class.php 第 1185 行.
NOTIC: [8] Undefined index: auto C:\Users\15899\Desktop\Property\ThinkPHP\Library\Think\Model.class.php 第 1128 行.
SQL: INSERT INTO `pro_village` (`name`,`create_time`) VALUES ('地方发光飞碟','2018-05-18 12:53:56') [ RunTime:0.0003s ]

[ 2018-05-18T13:01:50+08:00 ] 127.0.0.1 /index.php/Admin/System/editvillage
INFO: [ app_begin ] --START--
INFO: Run Behavior\ReadHtmlCacheBehavior [ RunTime:0.000431s ]
INFO: [ app_begin ] --END-- [ RunTime:0.000753s ]
SQL: SHOW COLUMNS FROM `pro_menu` [ RunTime:0.0036s ]
SQL: SELECT * FROM `pro_menu` WHERE ( hide = 0 ) ORDER BY sort desc  [ RunTime:0.0007s ]

[ 2018-05-18T13:02:24+08:00 ] 127.0.0.1 /index.php/Admin/System/editvillage
INFO: [ app_begin ] --START--
INFO: Run Behavior\ReadHtmlCacheBehavior [ RunTime:0.000453s ]
INFO: [ app_begin ] --END-- [ RunTime:0.000769s ]
SQL: SHOW COLUMNS FROM `pro_menu` [ RunTime:0.0057s ]
SQL: SELECT * FROM `pro_menu` WHERE ( hide = 0 ) ORDER BY sort desc  [ RunTime:0.0004s ]
SQL: SHOW COLUMNS FROM `pro_village` [ RunTime:0.0034s ]
NOTIC: [8] Undefined index: validate C:\Users\15899\Desktop\Property\ThinkPHP\Library\Think\Model.class.php 第 1185 行.
NOTIC: [8] Undefined index: auto C:\Users\15899\Desktop\Property\ThinkPHP\Library\Think\Model.class.php 第 1128 行.
SQL: UPDATE `pro_village` SET `name`='春暖花开',`id`='1',`address`='佛挡杀佛的说法都是',`update_time`='2018-05-18 13:02:24' WHERE ( id = 1 ) [ RunTime:0.0003s ]

[ 2018-05-18T13:02:30+08:00 ] 127.0.0.1 /index.php/Admin/System/editvillage
INFO: [ app_begin ] --START--
INFO: Run Behavior\ReadHtmlCacheBehavior [ RunTime:0.000432s ]
INFO: [ app_begin ] --END-- [ RunTime:0.000706s ]
SQL: SHOW COLUMNS FROM `pro_menu` [ RunTime:0.0058s ]
SQL: SELECT * FROM `pro_menu` WHERE ( hide = 0 ) ORDER BY sort desc  [ RunTime:0.0005s ]
SQL: SHOW COLUMNS FROM `pro_village` [ RunTime:0.0041s ]
NOTIC: [8] Undefined index: validate C:\Users\15899\Desktop\Property\ThinkPHP\Library\Think\Model.class.php 第 1185 行.
NOTIC: [8] Undefined index: auto C:\Users\15899\Desktop\Property\ThinkPHP\Library\Think\Model.class.php 第 1128 行.
SQL: UPDATE `pro_village` SET `name`='春暖花开',`id`='1',`address`='佛挡杀佛的说法都是11',`update_time`='2018-05-18 13:02:30' WHERE ( id = 1 ) [ RunTime:0.0004s ]

[ 2018-05-18T13:04:56+08:00 ] 127.0.0.1 /index.php/Admin/System/delvillage/id/1
INFO: [ app_begin ] --START--
INFO: Run Behavior\ReadHtmlCacheBehavior [ RunTime:0.000448s ]
INFO: [ app_begin ] --END-- [ RunTime:0.000720s ]
SQL: SHOW COLUMNS FROM `pro_menu` [ RunTime:0.0052s ]
SQL: SELECT * FROM `pro_menu` WHERE ( hide = 0 ) ORDER BY sort desc  [ RunTime:0.0004s ]
SQL: SHOW COLUMNS FROM `pro_village` [ RunTime:0.0029s ]
SQL: DELETE FROM `pro_village` WHERE ( id = 1 ) [ RunTime:0.0003s ]

[ 2018-05-18T13:05:00+08:00 ] 127.0.0.1 /index.php/Admin/System/delvillage/id/3
INFO: [ app_begin ] --START--
INFO: Run Behavior\ReadHtmlCacheBehavior [ RunTime:0.000437s ]
INFO: [ app_begin ] --END-- [ RunTime:0.000705s ]
SQL: SHOW COLUMNS FROM `pro_menu` [ RunTime:0.0063s ]
SQL: SELECT * FROM `pro_menu` WHERE ( hide = 0 ) ORDER BY sort desc  [ RunTime:0.0005s ]
SQL: SHOW COLUMNS FROM `pro_village` [ RunTime:0.0049s ]
SQL: DELETE FROM `pro_village` WHERE ( id = 3 ) [ RunTime:0.0003s ]

[ 2018-05-18T13:05:04+08:00 ] 127.0.0.1 /index.php/Admin/System/delvillage/id/2
INFO: [ app_begin ] --START--
INFO: Run Behavior\ReadHtmlCacheBehavior [ RunTime:0.000401s ]
INFO: [ app_begin ] --END-- [ RunTime:0.000676s ]
SQL: SHOW COLUMNS FROM `pro_menu` [ RunTime:0.0040s ]
SQL: SELECT * FROM `pro_menu` WHERE ( hide = 0 ) ORDER BY sort desc  [ RunTime:0.0004s ]
SQL: SHOW COLUMNS FROM `pro_village` [ RunTime:0.0031s ]
SQL: DELETE FROM `pro_village` WHERE ( id = 2 ) [ RunTime:0.0003s ]

[ 2018-05-18T13:05:40+08:00 ] 127.0.0.1 /index.php/Admin/System/addvillage
INFO: [ app_begin ] --START--
INFO: Run Behavior\ReadHtmlCacheBehavior [ RunTime:0.000506s ]
INFO: [ app_begin ] --END-- [ RunTime:0.000961s ]
SQL: SHOW COLUMNS FROM `pro_menu` [ RunTime:0.0059s ]
SQL: SELECT * FROM `pro_menu` WHERE ( hide = 0 ) ORDER BY sort desc  [ RunTime:0.0006s ]
SQL: SHOW COLUMNS FROM `pro_village` [ RunTime:0.0041s ]
NOTIC: [8] Undefined index: validate C:\Users\15899\Desktop\Property\ThinkPHP\Library\Think\Model.class.php 第 1185 行.
NOTIC: [8] Undefined index: auto C:\Users\15899\Desktop\Property\ThinkPHP\Library\Think\Model.class.php 第 1128 行.
SQL: INSERT INTO `pro_village` (`name`,`address`,`create_time`) VALUES ('房贷首付','反倒是发','2018-05-18 13:05:40') [ RunTime:0.0003s ]

[ 2018-05-18T13:05:45+08:00 ] 127.0.0.1 /index.php/Admin/System/editvillage
INFO: [ app_begin ] --START--
INFO: Run Behavior\ReadHtmlCacheBehavior [ RunTime:0.000399s ]
INFO: [ app_begin ] --END-- [ RunTime:0.000673s ]
SQL: SHOW COLUMNS FROM `pro_menu` [ RunTime:0.0056s ]
SQL: SELECT * FROM `pro_menu` WHERE ( hide = 0 ) ORDER BY sort desc  [ RunTime:0.0004s ]
SQL: SHOW COLUMNS FROM `pro_village` [ RunTime:0.0032s ]
NOTIC: [8] Undefined index: validate C:\Users\15899\Desktop\Property\ThinkPHP\Library\Think\Model.class.php 第 1185 行.
NOTIC: [8] Undefined index: auto C:\Users\15899\Desktop\Property\ThinkPHP\Library\Think\Model.class.php 第 1128 行.
SQL: UPDATE `pro_village` SET `name`='房贷首付',`id`='4',`address`='反倒是发多点 ',`update_time`='2018-05-18 13:05:45' WHERE ( id = 4 ) [ RunTime:0.0004s ]

[ 2018-05-18T13:06:32+08:00 ] 127.0.0.1 /index.php/Admin/System/delvillage.html
INFO: [ app_begin ] --START--
INFO: Run Behavior\ReadHtmlCacheBehavior [ RunTime:0.000436s ]
INFO: [ app_begin ] --END-- [ RunTime:0.000742s ]
SQL: SHOW COLUMNS FROM `pro_menu` [ RunTime:0.0035s ]
SQL: SELECT * FROM `pro_menu` WHERE ( hide = 0 ) ORDER BY sort desc  [ RunTime:0.0004s ]
SQL: SHOW COLUMNS FROM `pro_village` [ RunTime:0.0030s ]
SQL: DELETE FROM `pro_village` WHERE ( id = 4 ) [ RunTime:0.0003s ]

[ 2018-05-18T13:07:18+08:00 ] 127.0.0.1 /index.php/Admin/System/addvillage
INFO: [ app_begin ] --START--
INFO: Run Behavior\ReadHtmlCacheBehavior [ RunTime:0.000523s ]
INFO: [ app_begin ] --END-- [ RunTime:0.000823s ]
SQL: SHOW COLUMNS FROM `pro_menu` [ RunTime:0.0052s ]
SQL: SELECT * FROM `pro_menu` WHERE ( hide = 0 ) ORDER BY sort desc  [ RunTime:0.0004s ]
SQL: SHOW COLUMNS FROM `pro_village` [ RunTime:0.0034s ]
NOTIC: [8] Undefined index: validate C:\Users\15899\Desktop\Property\ThinkPHP\Library\Think\Model.class.php 第 1185 行.
NOTIC: [8] Undefined index: auto C:\Users\15899\Desktop\Property\ThinkPHP\Library\Think\Model.class.php 第 1128 行.
SQL: INSERT INTO `pro_village` (`name`,`address`,`create_time`) VALUES ('锦湖家园','金沙湖天街','2018-05-18 13:07:18') [ RunTime:0.0002s ]

[ 2018-05-18T13:07:40+08:00 ] 127.0.0.1 /index.php/Admin/System/addvillage
INFO: [ app_begin ] --START--
INFO: Run Behavior\ReadHtmlCacheBehavior [ RunTime:0.000433s ]
INFO: [ app_begin ] --END-- [ RunTime:0.000708s ]
SQL: SHOW COLUMNS FROM `pro_menu` [ RunTime:0.0036s ]
SQL: SELECT * FROM `pro_menu` WHERE ( hide = 0 ) ORDER BY sort desc  [ RunTime:0.0004s ]
SQL: SHOW COLUMNS FROM `pro_village` [ RunTime:0.0029s ]
NOTIC: [8] Undefined index: validate C:\Users\15899\Desktop\Property\ThinkPHP\Library\Think\Model.class.php 第 1185 行.
NOTIC: [8] Undefined index: auto C:\Users\15899\Desktop\Property\ThinkPHP\Library\Think\Model.class.php 第 1128 行.
SQL: INSERT INTO `pro_village` (`name`,`address`,`create_time`) VALUES ('积福里','东新路285号','2018-05-18 13:07:40') [ RunTime:0.0002s ]

[ 2018-05-18T13:10:02+08:00 ] 127.0.0.1 /index.php/Admin/User/user
INFO: [ app_begin ] --START--
INFO: Run Behavior\ReadHtmlCacheBehavior [ RunTime:0.000911s ]
INFO: [ app_begin ] --END-- [ RunTime:0.001470s ]
SQL: SHOW COLUMNS FROM `pro_menu` [ RunTime:0.0038s ]
SQL: SELECT * FROM `pro_menu` WHERE ( hide = 0 ) ORDER BY sort desc  [ RunTime:0.0005s ]
SQL: SHOW COLUMNS FROM `pro_user` [ RunTime:0.0032s ]
SQL: SELECT * FROM `pro_user` WHERE ( 1 and status = 2 ) LIMIT 0,6   [ RunTime:0.0003s ]
SQL: SELECT COUNT(*) AS tp_count FROM `pro_user` WHERE ( 1 and status = 2 ) LIMIT 1   [ RunTime:0.0002s ]

[ 2018-05-18T13:15:13+08:00 ] 127.0.0.1 /index.php/Admin/System/addvillage
INFO: [ app_begin ] --START--
INFO: Run Behavior\ReadHtmlCacheBehavior [ RunTime:0.000401s ]
INFO: [ app_begin ] --END-- [ RunTime:0.000673s ]
SQL: SHOW COLUMNS FROM `pro_menu` [ RunTime:0.0058s ]
SQL: SELECT * FROM `pro_menu` WHERE ( hide = 0 ) ORDER BY sort desc  [ RunTime:0.0005s ]
SQL: SHOW COLUMNS FROM `pro_village` [ RunTime:0.0033s ]
NOTIC: [8] Undefined index: validate C:\Users\15899\Desktop\Property\ThinkPHP\Library\Think\Model.class.php 第 1185 行.
NOTIC: [8] Undefined index: auto C:\Users\15899\Desktop\Property\ThinkPHP\Library\Think\Model.class.php 第 1128 行.
SQL: INSERT INTO `pro_village` (`name`,`address`,`create_time`) VALUES ('反倒是十分','防守打法','2018-05-18 13:15:13') [ RunTime:0.0002s ]

[ 2018-05-18T13:25:34+08:00 ] 127.0.0.1 /index.php/Admin/System/editvillage
INFO: [ app_begin ] --START--
INFO: Run Behavior\ReadHtmlCacheBehavior [ RunTime:0.001020s ]
INFO: [ app_begin ] --END-- [ RunTime:0.001323s ]
SQL: SHOW COLUMNS FROM `pro_menu` [ RunTime:0.0060s ]
SQL: SELECT * FROM `pro_menu` WHERE ( hide = 0 ) ORDER BY sort desc  [ RunTime:0.0006s ]
SQL: SHOW COLUMNS FROM `pro_village` [ RunTime:0.0028s ]
NOTIC: [8] Undefined index: validate C:\Users\15899\Desktop\Property\ThinkPHP\Library\Think\Model.class.php 第 1185 行.
NOTIC: [8] Undefined index: auto C:\Users\15899\Desktop\Property\ThinkPHP\Library\Think\Model.class.php 第 1128 行.
SQL: UPDATE `pro_village` SET `name`='锦湖家园',`id`='7',`address`='金沙湖天街对面',`update_time`='2018-05-18 13:25:34' WHERE ( id = 7 ) [ RunTime:0.0004s ]

[ 2018-05-18T13:37:45+08:00 ] 127.0.0.1 /index.php/Admin/System/addvillage
INFO: [ app_begin ] --START--
INFO: Run Behavior\ReadHtmlCacheBehavior [ RunTime:0.000398s ]
INFO: [ app_begin ] --END-- [ RunTime:0.000671s ]
SQL: SHOW COLUMNS FROM `pro_menu` [ RunTime:0.0046s ]
SQL: SELECT * FROM `pro_menu` WHERE ( hide = 0 ) ORDER BY sort desc  [ RunTime:0.0004s ]
SQL: SHOW COLUMNS FROM `pro_village` [ RunTime:0.0031s ]
NOTIC: [8] Undefined index: validate C:\Users\15899\Desktop\Property\ThinkPHP\Library\Think\Model.class.php 第 1185 行.
NOTIC: [8] Undefined index: auto C:\Users\15899\Desktop\Property\ThinkPHP\Library\Think\Model.class.php 第 1128 行.
SQL: INSERT INTO `pro_village` (`name`,`address`,`create_time`) VALUES ('甘长村','石祥路东信路交叉路口','2018-05-18 13:37:45') [ RunTime:0.0004s ]

[ 2018-05-18T13:38:22+08:00 ] 127.0.0.1 /index.php/Admin/System/addroom
INFO: [ app_begin ] --START--
INFO: Run Behavior\ReadHtmlCacheBehavior [ RunTime:0.000722s ]
INFO: [ app_begin ] --END-- [ RunTime:0.001024s ]
SQL: SHOW COLUMNS FROM `pro_menu` [ RunTime:0.0061s ]
SQL: SELECT * FROM `pro_menu` WHERE ( hide = 0 ) ORDER BY sort desc  [ RunTime:0.0007s ]
SQL: SHOW COLUMNS FROM `pro_room` [ RunTime:0.0044s ]
SQL: SELECT * FROM `pro_room` WHERE ( room = 1 and parent_id = 0 )  [ RunTime:0.0003s ]
NOTIC: [8] Undefined index: validate C:\Users\15899\Desktop\Property\ThinkPHP\Library\Think\Model.class.php 第 1185 行.
NOTIC: [8] Undefined index: auto C:\Users\15899\Desktop\Property\ThinkPHP\Library\Think\Model.class.php 第 1128 行.
SQL: INSERT INTO `pro_room` (`parent_id`,`village_id`,`room`) VALUES ('0','7','1') [ RunTime:0.0002s ]

[ 2018-05-18T13:38:36+08:00 ] 127.0.0.1 /index.php/Admin/System/addroom
INFO: [ app_begin ] --START--
INFO: Run Behavior\ReadHtmlCacheBehavior [ RunTime:0.000398s ]
INFO: [ app_begin ] --END-- [ RunTime:0.000668s ]
SQL: SHOW COLUMNS FROM `pro_menu` [ RunTime:0.0045s ]
SQL: SELECT * FROM `pro_menu` WHERE ( hide = 0 ) ORDER BY sort desc  [ RunTime:0.0005s ]
SQL: SHOW COLUMNS FROM `pro_room` [ RunTime:0.0030s ]
SQL: SELECT * FROM `pro_room` WHERE ( room = 2 and parent_id = 0 )  [ RunTime:0.0003s ]
NOTIC: [8] Undefined index: validate C:\Users\15899\Desktop\Property\ThinkPHP\Library\Think\Model.class.php 第 1185 行.
NOTIC: [8] Undefined index: auto C:\Users\15899\Desktop\Property\ThinkPHP\Library\Think\Model.class.php 第 1128 行.
SQL: INSERT INTO `pro_room` (`parent_id`,`village_id`,`room`) VALUES ('0','8','2') [ RunTime:0.0004s ]

[ 2018-05-18T13:46:34+08:00 ] 127.0.0.1 /index.php/Admin/System/delroom/id/35
INFO: [ app_begin ] --START--
INFO: Run Behavior\ReadHtmlCacheBehavior [ RunTime:0.000399s ]
INFO: [ app_begin ] --END-- [ RunTime:0.000679s ]
SQL: SHOW COLUMNS FROM `pro_menu` [ RunTime:0.0050s ]
SQL: SELECT * FROM `pro_menu` WHERE ( hide = 0 ) ORDER BY sort desc  [ RunTime:0.0004s ]
SQL: SHOW COLUMNS FROM `pro_room` [ RunTime:0.0030s ]
SQL: DELETE FROM `pro_room` WHERE ( id in (35) ) [ RunTime:0.0004s ]
SQL: SHOW COLUMNS FROM `pro_rent` [ RunTime:0.0034s ]
SQL: DELETE FROM `pro_rent` WHERE ( room_id in (35) ) [ RunTime:0.0003s ]

[ 2018-05-18T13:46:37+08:00 ] 127.0.0.1 /index.php/Admin/System/delroom/id/34
INFO: [ app_begin ] --START--
INFO: Run Behavior\ReadHtmlCacheBehavior [ RunTime:0.000991s ]
INFO: [ app_begin ] --END-- [ RunTime:0.001455s ]
SQL: SHOW COLUMNS FROM `pro_menu` [ RunTime:0.0039s ]
SQL: SELECT * FROM `pro_menu` WHERE ( hide = 0 ) ORDER BY sort desc  [ RunTime:0.0006s ]
SQL: SHOW COLUMNS FROM `pro_room` [ RunTime:0.0035s ]
SQL: DELETE FROM `pro_room` WHERE ( id in (34) ) [ RunTime:0.0003s ]
SQL: SHOW COLUMNS FROM `pro_rent` [ RunTime:0.0028s ]
SQL: DELETE FROM `pro_rent` WHERE ( room_id in (34) ) [ RunTime:0.0002s ]

[ 2018-05-18T13:46:52+08:00 ] 127.0.0.1 /index.php/Admin/System/addroom
INFO: [ app_begin ] --START--
INFO: Run Behavior\ReadHtmlCacheBehavior [ RunTime:0.000424s ]
INFO: [ app_begin ] --END-- [ RunTime:0.000723s ]
SQL: SHOW COLUMNS FROM `pro_menu` [ RunTime:0.0044s ]
SQL: SELECT * FROM `pro_menu` WHERE ( hide = 0 ) ORDER BY sort desc  [ RunTime:0.0004s ]
SQL: SHOW COLUMNS FROM `pro_room` [ RunTime:0.0030s ]
SQL: SELECT * FROM `pro_room` WHERE ( room = 1 and parent_id = 0 )  [ RunTime:0.0003s ]
NOTIC: [8] Undefined index: validate C:\Users\15899\Desktop\Property\ThinkPHP\Library\Think\Model.class.php 第 1185 行.
NOTIC: [8] Undefined index: auto C:\Users\15899\Desktop\Property\ThinkPHP\Library\Think\Model.class.php 第 1128 行.
SQL: INSERT INTO `pro_room` (`parent_id`,`village_id`,`room`) VALUES ('0','7','1') [ RunTime:0.0003s ]

[ 2018-05-18T13:46:56+08:00 ] 127.0.0.1 /index.php/Admin/System/addroom
INFO: [ app_begin ] --START--
INFO: Run Behavior\ReadHtmlCacheBehavior [ RunTime:0.000971s ]
INFO: [ app_begin ] --END-- [ RunTime:0.001686s ]
SQL: SHOW COLUMNS FROM `pro_menu` [ RunTime:0.0052s ]
SQL: SELECT * FROM `pro_menu` WHERE ( hide = 0 ) ORDER BY sort desc  [ RunTime:0.0007s ]
SQL: SHOW COLUMNS FROM `pro_room` [ RunTime:0.0047s ]
SQL: SELECT * FROM `pro_room` WHERE ( room = 2 and parent_id = 0 )  [ RunTime:0.0002s ]
NOTIC: [8] Undefined index: validate C:\Users\15899\Desktop\Property\ThinkPHP\Library\Think\Model.class.php 第 1185 行.
NOTIC: [8] Undefined index: auto C:\Users\15899\Desktop\Property\ThinkPHP\Library\Think\Model.class.php 第 1128 行.
SQL: INSERT INTO `pro_room` (`parent_id`,`village_id`,`room`) VALUES ('0','7','2') [ RunTime:0.0002s ]

[ 2018-05-18T13:47:00+08:00 ] 127.0.0.1 /index.php/Admin/System/addroom
INFO: [ app_begin ] --START--
INFO: Run Behavior\ReadHtmlCacheBehavior [ RunTime:0.001571s ]
INFO: [ app_begin ] --END-- [ RunTime:0.002527s ]
SQL: SHOW COLUMNS FROM `pro_menu` [ RunTime:0.0063s ]
SQL: SELECT * FROM `pro_menu` WHERE ( hide = 0 ) ORDER BY sort desc  [ RunTime:0.0007s ]
SQL: SHOW COLUMNS FROM `pro_room` [ RunTime:0.0036s ]
SQL: SELECT * FROM `pro_room` WHERE ( room = 3 and parent_id = 0 )  [ RunTime:0.0003s ]
NOTIC: [8] Undefined index: validate C:\Users\15899\Desktop\Property\ThinkPHP\Library\Think\Model.class.php 第 1185 行.
NOTIC: [8] Undefined index: auto C:\Users\15899\Desktop\Property\ThinkPHP\Library\Think\Model.class.php 第 1128 行.
SQL: INSERT INTO `pro_room` (`parent_id`,`village_id`,`room`) VALUES ('0','7','3') [ RunTime:0.0002s ]

[ 2018-05-18T13:47:05+08:00 ] 127.0.0.1 /index.php/Admin/System/addroom
INFO: [ app_begin ] --START--
INFO: Run Behavior\ReadHtmlCacheBehavior [ RunTime:0.000525s ]
INFO: [ app_begin ] --END-- [ RunTime:0.000875s ]
SQL: SHOW COLUMNS FROM `pro_menu` [ RunTime:0.0046s ]
SQL: SELECT * FROM `pro_menu` WHERE ( hide = 0 ) ORDER BY sort desc  [ RunTime:0.0004s ]
SQL: SHOW COLUMNS FROM `pro_room` [ RunTime:0.0045s ]
SQL: SELECT * FROM `pro_room` WHERE ( room = 1 and parent_id = 36 )  [ RunTime:0.0004s ]
NOTIC: [8] Undefined index: validate C:\Users\15899\Desktop\Property\ThinkPHP\Library\Think\Model.class.php 第 1185 行.
NOTIC: [8] Undefined index: auto C:\Users\15899\Desktop\Property\ThinkPHP\Library\Think\Model.class.php 第 1128 行.
SQL: INSERT INTO `pro_room` (`parent_id`,`village_id`,`room`) VALUES ('36','7','1') [ RunTime:0.0004s ]

[ 2018-05-18T13:47:10+08:00 ] 127.0.0.1 /index.php/Admin/System/addroom
INFO: [ app_begin ] --START--
INFO: Run Behavior\ReadHtmlCacheBehavior [ RunTime:0.000508s ]
INFO: [ app_begin ] --END-- [ RunTime:0.000963s ]
SQL: SHOW COLUMNS FROM `pro_menu` [ RunTime:0.0030s ]
SQL: SELECT * FROM `pro_menu` WHERE ( hide = 0 ) ORDER BY sort desc  [ RunTime:0.0009s ]
SQL: SHOW COLUMNS FROM `pro_room` [ RunTime:0.0044s ]
SQL: SELECT * FROM `pro_room` WHERE ( room = 2 and parent_id = 36 )  [ RunTime:0.0003s ]
NOTIC: [8] Undefined index: validate C:\Users\15899\Desktop\Property\ThinkPHP\Library\Think\Model.class.php 第 1185 行.
NOTIC: [8] Undefined index: auto C:\Users\15899\Desktop\Property\ThinkPHP\Library\Think\Model.class.php 第 1128 行.
SQL: INSERT INTO `pro_room` (`parent_id`,`village_id`,`room`) VALUES ('36','7','2') [ RunTime:0.0003s ]

[ 2018-05-18T13:47:20+08:00 ] 127.0.0.1 /index.php/Admin/System/addroom
INFO: [ app_begin ] --START--
INFO: Run Behavior\ReadHtmlCacheBehavior [ RunTime:0.000465s ]
INFO: [ app_begin ] --END-- [ RunTime:0.000816s ]
SQL: SHOW COLUMNS FROM `pro_menu` [ RunTime:0.0053s ]
SQL: SELECT * FROM `pro_menu` WHERE ( hide = 0 ) ORDER BY sort desc  [ RunTime:0.0004s ]
SQL: SHOW COLUMNS FROM `pro_room` [ RunTime:0.0027s ]
SQL: SELECT * FROM `pro_room` WHERE ( room = 1 and parent_id = 0 )  [ RunTime:0.0003s ]

[ 2018-05-18T13:49:42+08:00 ] 127.0.0.1 /index.php/Admin/System/addroom
INFO: [ app_begin ] --START--
INFO: Run Behavior\ReadHtmlCacheBehavior [ RunTime:0.001200s ]
INFO: [ app_begin ] --END-- [ RunTime:0.002185s ]
SQL: SHOW COLUMNS FROM `pro_menu` [ RunTime:0.0050s ]
SQL: SELECT * FROM `pro_menu` WHERE ( hide = 0 ) ORDER BY sort desc  [ RunTime:0.0009s ]
SQL: SHOW COLUMNS FROM `pro_room` [ RunTime:0.0029s ]
SQL: SELECT * FROM `pro_room` WHERE ( room = 1 and parent_id = 0 and village_id = 7 )  [ RunTime:0.0005s ]
NOTIC: [8] Undefined index: validate C:\Users\15899\Desktop\Property\ThinkPHP\Library\Think\Model.class.php 第 1185 行.
NOTIC: [8] Undefined index: auto C:\Users\15899\Desktop\Property\ThinkPHP\Library\Think\Model.class.php 第 1128 行.
SQL: INSERT INTO `pro_room` (`parent_id`,`village_id`,`room`) VALUES ('0','7','1') [ RunTime:0.0004s ]

[ 2018-05-18T13:49:48+08:00 ] 127.0.0.1 /index.php/Admin/System/addroom
INFO: [ app_begin ] --START--
INFO: Run Behavior\ReadHtmlCacheBehavior [ RunTime:0.000403s ]
INFO: [ app_begin ] --END-- [ RunTime:0.000700s ]
SQL: SHOW COLUMNS FROM `pro_menu` [ RunTime:0.0065s ]
SQL: SELECT * FROM `pro_menu` WHERE ( hide = 0 ) ORDER BY sort desc  [ RunTime:0.0004s ]
SQL: SHOW COLUMNS FROM `pro_room` [ RunTime:0.0027s ]
SQL: SELECT * FROM `pro_room` WHERE ( room = 1 and parent_id = 0 and village_id = 7 )  [ RunTime:0.0003s ]

[ 2018-05-18T13:49:51+08:00 ] 127.0.0.1 /index.php/Admin/System/addroom
INFO: [ app_begin ] --START--
INFO: Run Behavior\ReadHtmlCacheBehavior [ RunTime:0.000408s ]
INFO: [ app_begin ] --END-- [ RunTime:0.000702s ]
SQL: SHOW COLUMNS FROM `pro_menu` [ RunTime:0.0050s ]
SQL: SELECT * FROM `pro_menu` WHERE ( hide = 0 ) ORDER BY sort desc  [ RunTime:0.0004s ]
SQL: SHOW COLUMNS FROM `pro_room` [ RunTime:0.0039s ]
SQL: SELECT * FROM `pro_room` WHERE ( room = 1 and parent_id = 0 and village_id = 8 )  [ RunTime:0.0004s ]
NOTIC: [8] Undefined index: validate C:\Users\15899\Desktop\Property\ThinkPHP\Library\Think\Model.class.php 第 1185 行.
NOTIC: [8] Undefined index: auto C:\Users\15899\Desktop\Property\ThinkPHP\Library\Think\Model.class.php 第 1128 行.
SQL: INSERT INTO `pro_room` (`parent_id`,`village_id`,`room`) VALUES ('0','8','1') [ RunTime:0.0003s ]

[ 2018-05-18T13:50:02+08:00 ] 127.0.0.1 /index.php/Admin/System/addroom
INFO: [ app_begin ] --START--
INFO: Run Behavior\ReadHtmlCacheBehavior [ RunTime:0.000435s ]
INFO: [ app_begin ] --END-- [ RunTime:0.001015s ]
SQL: SHOW COLUMNS FROM `pro_menu` [ RunTime:0.0063s ]
SQL: SELECT * FROM `pro_menu` WHERE ( hide = 0 ) ORDER BY sort desc  [ RunTime:0.0005s ]
SQL: SHOW COLUMNS FROM `pro_room` [ RunTime:0.0031s ]
SQL: SELECT * FROM `pro_room` WHERE ( room = 1 and parent_id = 41 and village_id = 7 )  [ RunTime:0.0003s ]
NOTIC: [8] Undefined index: validate C:\Users\15899\Desktop\Property\ThinkPHP\Library\Think\Model.class.php 第 1185 行.
NOTIC: [8] Undefined index: auto C:\Users\15899\Desktop\Property\ThinkPHP\Library\Think\Model.class.php 第 1128 行.
SQL: INSERT INTO `pro_room` (`parent_id`,`village_id`,`room`) VALUES ('41','7','1') [ RunTime:0.0003s ]

[ 2018-05-18T13:59:51+08:00 ] 127.0.0.1 /index.php/Admin/System/house/parent_id/7/flag/2.html
ERR: 1054:Unknown column 'r.id' in 'where clause'
 [ SQL语句 ] : SELECT * FROM `pro_room` WHERE ( r.id = 7 ) LIMIT 1  

[ 2018-05-18T14:01:13+08:00 ] 127.0.0.1 /index.php/Admin/System/house/parent_id/7/flag/2.html
ERR: 1054:Unknown column 'r.id' in 'where clause'
 [ SQL语句 ] : SELECT * FROM `pro_room` WHERE ( r.id = 7 ) LIMIT 1  

[ 2018-05-18T14:01:39+08:00 ] 127.0.0.1 /index.php/Admin/System/house/parent_id/7/flag/2.html
ERR: 1054:Unknown column 'r.id' in 'where clause'
 [ SQL语句 ] : SELECT * FROM `pro_room` WHERE ( r.id = 7 ) LIMIT 1  

[ 2018-05-18T14:01:40+08:00 ] 127.0.0.1 /index.php/Admin/System/house/parent_id/7/flag/2.html
ERR: 1054:Unknown column 'r.id' in 'where clause'
 [ SQL语句 ] : SELECT * FROM `pro_room` WHERE ( r.id = 7 ) LIMIT 1  

[ 2018-05-18T14:01:40+08:00 ] 127.0.0.1 /index.php/Admin/System/house/parent_id/7/flag/2.html
ERR: 1054:Unknown column 'r.id' in 'where clause'
 [ SQL语句 ] : SELECT * FROM `pro_room` WHERE ( r.id = 7 ) LIMIT 1  

[ 2018-05-18T14:01:40+08:00 ] 127.0.0.1 /index.php/Admin/System/house/parent_id/7/flag/2.html
ERR: 1054:Unknown column 'r.id' in 'where clause'
 [ SQL语句 ] : SELECT * FROM `pro_room` WHERE ( r.id = 7 ) LIMIT 1  

[ 2018-05-18T14:01:40+08:00 ] 127.0.0.1 /index.php/Admin/System/house/parent_id/7/flag/2.html
ERR: 1054:Unknown column 'r.id' in 'where clause'
 [ SQL语句 ] : SELECT * FROM `pro_room` WHERE ( r.id = 7 ) LIMIT 1  

[ 2018-05-18T14:03:18+08:00 ] 127.0.0.1 /index.php/Admin/System/addroom
INFO: [ app_begin ] --START--
INFO: Run Behavior\ReadHtmlCacheBehavior [ RunTime:0.000396s ]
INFO: [ app_begin ] --END-- [ RunTime:0.000670s ]
SQL: SHOW COLUMNS FROM `pro_menu` [ RunTime:0.0046s ]
SQL: SELECT * FROM `pro_menu` WHERE ( hide = 0 ) ORDER BY sort desc  [ RunTime:0.0004s ]
SQL: SHOW COLUMNS FROM `pro_room` [ RunTime:0.0027s ]
SQL: SELECT * FROM `pro_room` WHERE ( room = 1 and parent_id = 41 and village_id = 7 )  [ RunTime:0.0004s ]

[ 2018-05-18T14:16:06+08:00 ] 127.0.0.1 /index.php/Admin/System/addroom
INFO: [ app_begin ] --START--
INFO: Run Behavior\ReadHtmlCacheBehavior [ RunTime:0.000831s ]
INFO: [ app_begin ] --END-- [ RunTime:0.001153s ]
SQL: SHOW COLUMNS FROM `pro_menu` [ RunTime:0.0061s ]
SQL: SELECT * FROM `pro_menu` WHERE ( hide = 0 ) ORDER BY sort desc  [ RunTime:0.0005s ]
SQL: SHOW COLUMNS FROM `pro_room` [ RunTime:0.0035s ]
SQL: SELECT * FROM `pro_room` WHERE ( room = 2 and parent_id = 43 and village_id = 7 )  [ RunTime:0.0003s ]
NOTIC: [8] Undefined index: validate C:\Users\15899\Desktop\Property\ThinkPHP\Library\Think\Model.class.php 第 1185 行.
NOTIC: [8] Undefined index: auto C:\Users\15899\Desktop\Property\ThinkPHP\Library\Think\Model.class.php 第 1128 行.
SQL: INSERT INTO `pro_room` (`parent_id`,`village_id`,`room`) VALUES ('43','7','2') [ RunTime:0.0003s ]

[ 2018-05-18T14:17:07+08:00 ] 127.0.0.1 /index.php/Admin/System/addroom
INFO: [ app_begin ] --START--
INFO: Run Behavior\ReadHtmlCacheBehavior [ RunTime:0.000397s ]
INFO: [ app_begin ] --END-- [ RunTime:0.000630s ]
SQL: SHOW COLUMNS FROM `pro_menu` [ RunTime:0.0028s ]
SQL: SELECT * FROM `pro_menu` WHERE ( hide = 0 ) ORDER BY sort desc  [ RunTime:0.0004s ]
SQL: SHOW COLUMNS FROM `pro_room` [ RunTime:0.0027s ]
SQL: SELECT * FROM `pro_room` WHERE ( room = 2 and parent_id = 41 and village_id = 7 )  [ RunTime:0.0002s ]
NOTIC: [8] Undefined index: validate C:\Users\15899\Desktop\Property\ThinkPHP\Library\Think\Model.class.php 第 1185 行.
NOTIC: [8] Undefined index: auto C:\Users\15899\Desktop\Property\ThinkPHP\Library\Think\Model.class.php 第 1128 行.
SQL: INSERT INTO `pro_room` (`parent_id`,`village_id`,`room`) VALUES ('41','7','2') [ RunTime:0.0002s ]

[ 2018-05-18T14:17:42+08:00 ] 127.0.0.1 /index.php/Admin/System/addroom
INFO: [ app_begin ] --START--
INFO: Run Behavior\ReadHtmlCacheBehavior [ RunTime:0.000409s ]
INFO: [ app_begin ] --END-- [ RunTime:0.000950s ]
SQL: SHOW COLUMNS FROM `pro_menu` [ RunTime:0.0053s ]
SQL: SELECT * FROM `pro_menu` WHERE ( hide = 0 ) ORDER BY sort desc  [ RunTime:0.0004s ]
SQL: SHOW COLUMNS FROM `pro_room` [ RunTime:0.0025s ]
SQL: SELECT * FROM `pro_room` WHERE ( room = 1111 and parent_id = 45 and village_id = 7 )  [ RunTime:0.0002s ]
NOTIC: [8] Undefined index: validate C:\Users\15899\Desktop\Property\ThinkPHP\Library\Think\Model.class.php 第 1185 行.
NOTIC: [8] Undefined index: auto C:\Users\15899\Desktop\Property\ThinkPHP\Library\Think\Model.class.php 第 1128 行.
SQL: INSERT INTO `pro_room` (`parent_id`,`village_id`,`room`) VALUES ('45','7','1111') [ RunTime:0.0002s ]

[ 2018-05-18T14:24:14+08:00 ] 127.0.0.1 /index.php/Admin/System/house
ERR: 1064:You have an error in your SQL syntax; check the manual that corresponds to your MySQL server version for the right syntax to use near 'and village_id =  as tmp on r.parent_id = tmp.id' at line 1
 [ SQL语句 ] : SELECT r.*,tmp.parent_id build FROM pro_room r right join (select * from pro_room where parent_id in (7,8)) and village_id =  as tmp on r.parent_id = tmp.id  

[ 2018-05-18T14:30:30+08:00 ] 127.0.0.1 /index.php/Admin/System/house
ERR: Think\Model:fiwld方法不存在！

[ 2018-05-18T14:30:40+08:00 ] 127.0.0.1 /index.php/Admin/System/house/parent_id/43/flag/3.html
ERR: 1054:Unknown column 'r.id' in 'where clause'
 [ SQL语句 ] : SELECT * FROM `pro_room` WHERE ( r.id = 41 ) LIMIT 1  

[ 2018-05-18T14:31:04+08:00 ] 127.0.0.1 /index.php/Admin/User/user
INFO: [ app_begin ] --START--
INFO: Run Behavior\ReadHtmlCacheBehavior [ RunTime:0.000399s ]
INFO: [ app_begin ] --END-- [ RunTime:0.000681s ]
SQL: SHOW COLUMNS FROM `pro_menu` [ RunTime:0.0045s ]
SQL: SELECT * FROM `pro_menu` WHERE ( hide = 0 ) ORDER BY sort desc  [ RunTime:0.0006s ]
SQL: SHOW COLUMNS FROM `pro_user` [ RunTime:0.0029s ]
SQL: SELECT * FROM `pro_user` WHERE ( 1 and status = 2 ) LIMIT 0,6   [ RunTime:0.0002s ]
SQL: SELECT COUNT(*) AS tp_count FROM `pro_user` WHERE ( 1 and status = 2 ) LIMIT 1   [ RunTime:0.0001s ]

[ 2018-05-18T14:41:10+08:00 ] 127.0.0.1 /index.php/Admin/User/user
INFO: [ app_begin ] --START--
INFO: Run Behavior\ReadHtmlCacheBehavior [ RunTime:0.000399s ]
INFO: [ app_begin ] --END-- [ RunTime:0.000677s ]
SQL: SHOW COLUMNS FROM `pro_menu` [ RunTime:0.0061s ]
SQL: SELECT * FROM `pro_menu` WHERE ( hide = 0 ) ORDER BY sort desc  [ RunTime:0.0005s ]
SQL: SHOW COLUMNS FROM `pro_user` [ RunTime:0.0026s ]
SQL: SELECT * FROM `pro_user` WHERE ( 1 and status = 2 ) LIMIT 0,6   [ RunTime:0.0003s ]
SQL: SELECT COUNT(*) AS tp_count FROM `pro_user` WHERE ( 1 and status = 2 ) LIMIT 1   [ RunTime:0.0003s ]

[ 2018-05-18T14:41:26+08:00 ] 127.0.0.1 /index.php/Admin/User/user
INFO: [ app_begin ] --START--
INFO: Run Behavior\ReadHtmlCacheBehavior [ RunTime:0.000762s ]
INFO: [ app_begin ] --END-- [ RunTime:0.001168s ]
SQL: SHOW COLUMNS FROM `pro_menu` [ RunTime:0.0046s ]
SQL: SELECT * FROM `pro_menu` WHERE ( hide = 0 ) ORDER BY sort desc  [ RunTime:0.0004s ]
SQL: SHOW COLUMNS FROM `pro_user` [ RunTime:0.0029s ]
SQL: SELECT * FROM `pro_user` WHERE ( 1 and status = 2 ) LIMIT 0,6   [ RunTime:0.0003s ]
SQL: SELECT COUNT(*) AS tp_count FROM `pro_user` WHERE ( 1 and status = 2 ) LIMIT 1   [ RunTime:0.0003s ]

[ 2018-05-18T14:41:34+08:00 ] 127.0.0.1 /index.php/Admin/System/editroom
INFO: [ app_begin ] --START--
INFO: Run Behavior\ReadHtmlCacheBehavior [ RunTime:0.000400s ]
INFO: [ app_begin ] --END-- [ RunTime:0.000670s ]
SQL: SHOW COLUMNS FROM `pro_menu` [ RunTime:0.0054s ]
SQL: SELECT * FROM `pro_menu` WHERE ( hide = 0 ) ORDER BY sort desc  [ RunTime:0.0004s ]
SQL: SHOW COLUMNS FROM `pro_room` [ RunTime:0.0029s ]
SQL: SHOW COLUMNS FROM `pro_pro` [ RunTime:0.0028s ]
SQL: SELECT * FROM `pro_pro` WHERE ( room_num = 44 ) LIMIT 1   [ RunTime:0.0002s ]
SQL: INSERT INTO `pro_pro` (`uid`,`room_num`,`fee`) VALUES ('23','44','0.02') [ RunTime:0.0003s ]
NOTIC: [8] Undefined index: validate C:\Users\15899\Desktop\Property\ThinkPHP\Library\Think\Model.class.php 第 1185 行.
NOTIC: [8] Undefined index: auto C:\Users\15899\Desktop\Property\ThinkPHP\Library\Think\Model.class.php 第 1128 行.
SQL: UPDATE `pro_room` SET `id`='44',`attribute`='0',`uid`='23',`profee`='0.02' WHERE ( id = 44 ) [ RunTime:0.0002s ]
SQL: SHOW COLUMNS FROM `pro_rent` [ RunTime:0.0039s ]
NOTIC: [8] Undefined index: validate C:\Users\15899\Desktop\Property\ThinkPHP\Library\Think\Model.class.php 第 1185 行.
NOTIC: [8] Undefined index: auto C:\Users\15899\Desktop\Property\ThinkPHP\Library\Think\Model.class.php 第 1128 行.
SQL: SELECT * FROM `pro_rent` WHERE ( room_id = 44 ) LIMIT 1   [ RunTime:0.0004s ]
SQL: INSERT INTO `pro_rent` (`uid`,`fee`,`status`,`room_id`) VALUES ('23','0.01','0','44') [ RunTime:0.0003s ]

[ 2018-05-18T14:41:40+08:00 ] 127.0.0.1 /index.php/Admin/User/user
INFO: [ app_begin ] --START--
INFO: Run Behavior\ReadHtmlCacheBehavior [ RunTime:0.000607s ]
INFO: [ app_begin ] --END-- [ RunTime:0.000971s ]
SQL: SHOW COLUMNS FROM `pro_menu` [ RunTime:0.0062s ]
SQL: SELECT * FROM `pro_menu` WHERE ( hide = 0 ) ORDER BY sort desc  [ RunTime:0.0006s ]
SQL: SHOW COLUMNS FROM `pro_user` [ RunTime:0.0032s ]
SQL: SELECT * FROM `pro_user` WHERE ( 1 and status = 2 ) LIMIT 0,6   [ RunTime:0.0003s ]
SQL: SELECT COUNT(*) AS tp_count FROM `pro_user` WHERE ( 1 and status = 2 ) LIMIT 1   [ RunTime:0.0002s ]

[ 2018-05-18T14:42:40+08:00 ] 127.0.0.1 /index.php/Admin/User/user
INFO: [ app_begin ] --START--
INFO: Run Behavior\ReadHtmlCacheBehavior [ RunTime:0.000471s ]
INFO: [ app_begin ] --END-- [ RunTime:0.000870s ]
SQL: SHOW COLUMNS FROM `pro_menu` [ RunTime:0.0029s ]
SQL: SELECT * FROM `pro_menu` WHERE ( hide = 0 ) ORDER BY sort desc  [ RunTime:0.0005s ]
SQL: SHOW COLUMNS FROM `pro_user` [ RunTime:0.0031s ]
SQL: SELECT * FROM `pro_user` WHERE ( 1 and status = 2 ) LIMIT 0,6   [ RunTime:0.0003s ]
SQL: SELECT COUNT(*) AS tp_count FROM `pro_user` WHERE ( 1 and status = 2 ) LIMIT 1   [ RunTime:0.0002s ]

[ 2018-05-18T14:45:07+08:00 ] 127.0.0.1 /index.php/Admin/User/user
INFO: [ app_begin ] --START--
INFO: Run Behavior\ReadHtmlCacheBehavior [ RunTime:0.000437s ]
INFO: [ app_begin ] --END-- [ RunTime:0.000786s ]
SQL: SHOW COLUMNS FROM `pro_menu` [ RunTime:0.0058s ]
SQL: SELECT * FROM `pro_menu` WHERE ( hide = 0 ) ORDER BY sort desc  [ RunTime:0.0004s ]
SQL: SHOW COLUMNS FROM `pro_user` [ RunTime:0.0033s ]
SQL: SELECT * FROM `pro_user` WHERE ( 1 and status = 2 ) LIMIT 0,6   [ RunTime:0.0003s ]
SQL: SELECT COUNT(*) AS tp_count FROM `pro_user` WHERE ( 1 and status = 2 ) LIMIT 1   [ RunTime:0.0003s ]

[ 2018-05-18T14:45:14+08:00 ] 127.0.0.1 /index.php/Admin/System/editroom
INFO: [ app_begin ] --START--
INFO: Run Behavior\ReadHtmlCacheBehavior [ RunTime:0.000416s ]
INFO: [ app_begin ] --END-- [ RunTime:0.000695s ]
SQL: SHOW COLUMNS FROM `pro_menu` [ RunTime:0.0050s ]
SQL: SELECT * FROM `pro_menu` WHERE ( hide = 0 ) ORDER BY sort desc  [ RunTime:0.0004s ]
SQL: SHOW COLUMNS FROM `pro_room` [ RunTime:0.0033s ]
SQL: SHOW COLUMNS FROM `pro_pro` [ RunTime:0.0032s ]
SQL: SELECT * FROM `pro_pro` WHERE ( room_num = 44 ) LIMIT 1   [ RunTime:0.0002s ]
SQL: UPDATE `pro_pro` SET `uid`='23',`fee`='0.02' WHERE ( id = 8 ) [ RunTime:0.0002s ]
NOTIC: [8] Undefined index: validate C:\Users\15899\Desktop\Property\ThinkPHP\Library\Think\Model.class.php 第 1185 行.
NOTIC: [8] Undefined index: auto C:\Users\15899\Desktop\Property\ThinkPHP\Library\Think\Model.class.php 第 1128 行.
SQL: UPDATE `pro_room` SET `id`='44',`attribute`='1',`uid`='23',`profee`='0.02' WHERE ( id = 44 ) [ RunTime:0.0002s ]
SQL: SHOW COLUMNS FROM `pro_rent` [ RunTime:0.0026s ]
NOTIC: [8] Undefined index: validate C:\Users\15899\Desktop\Property\ThinkPHP\Library\Think\Model.class.php 第 1185 行.
NOTIC: [8] Undefined index: auto C:\Users\15899\Desktop\Property\ThinkPHP\Library\Think\Model.class.php 第 1128 行.
SQL: SELECT * FROM `pro_rent` WHERE ( room_id = 44 ) LIMIT 1   [ RunTime:0.0002s ]
SQL: UPDATE `pro_rent` SET `uid`='23',`status`='1',`room_id`='44' WHERE ( room_id = 44 ) [ RunTime:0.0002s ]

[ 2018-05-18T14:45:17+08:00 ] 127.0.0.1 /index.php/Admin/User/user
INFO: [ app_begin ] --START--
INFO: Run Behavior\ReadHtmlCacheBehavior [ RunTime:0.000430s ]
INFO: [ app_begin ] --END-- [ RunTime:0.000784s ]
SQL: SHOW COLUMNS FROM `pro_menu` [ RunTime:0.0027s ]
SQL: SELECT * FROM `pro_menu` WHERE ( hide = 0 ) ORDER BY sort desc  [ RunTime:0.0004s ]
SQL: SHOW COLUMNS FROM `pro_user` [ RunTime:0.0029s ]
SQL: SELECT * FROM `pro_user` WHERE ( 1 and status = 2 ) LIMIT 0,6   [ RunTime:0.0006s ]
SQL: SELECT COUNT(*) AS tp_count FROM `pro_user` WHERE ( 1 and status = 2 ) LIMIT 1   [ RunTime:0.0003s ]

[ 2018-05-18T14:45:19+08:00 ] 127.0.0.1 /index.php/Admin/System/editroom
INFO: [ app_begin ] --START--
INFO: Run Behavior\ReadHtmlCacheBehavior [ RunTime:0.000490s ]
INFO: [ app_begin ] --END-- [ RunTime:0.000762s ]
SQL: SHOW COLUMNS FROM `pro_menu` [ RunTime:0.0055s ]
SQL: SELECT * FROM `pro_menu` WHERE ( hide = 0 ) ORDER BY sort desc  [ RunTime:0.0004s ]
SQL: SHOW COLUMNS FROM `pro_room` [ RunTime:0.0029s ]
SQL: SHOW COLUMNS FROM `pro_pro` [ RunTime:0.0032s ]
SQL: SELECT * FROM `pro_pro` WHERE ( room_num = 44 ) LIMIT 1   [ RunTime:0.0002s ]
SQL: UPDATE `pro_pro` SET `uid`='23',`fee`='0.02' WHERE ( id = 8 ) [ RunTime:0.0002s ]
NOTIC: [8] Undefined index: validate C:\Users\15899\Desktop\Property\ThinkPHP\Library\Think\Model.class.php 第 1185 行.
NOTIC: [8] Undefined index: auto C:\Users\15899\Desktop\Property\ThinkPHP\Library\Think\Model.class.php 第 1128 行.
SQL: UPDATE `pro_room` SET `id`='44',`attribute`='0',`uid`='23',`profee`='0.02' WHERE ( id = 44 ) [ RunTime:0.0002s ]
SQL: SHOW COLUMNS FROM `pro_rent` [ RunTime:0.0028s ]
NOTIC: [8] Undefined index: validate C:\Users\15899\Desktop\Property\ThinkPHP\Library\Think\Model.class.php 第 1185 行.
NOTIC: [8] Undefined index: auto C:\Users\15899\Desktop\Property\ThinkPHP\Library\Think\Model.class.php 第 1128 行.
SQL: SELECT * FROM `pro_rent` WHERE ( room_id = 44 ) LIMIT 1   [ RunTime:0.0002s ]
SQL: UPDATE `pro_rent` SET `uid`='23',`fee`='0.01',`status`='0',`room_id`='44' WHERE ( room_id = 44 ) [ RunTime:0.0002s ]

[ 2018-05-18T14:45:21+08:00 ] 127.0.0.1 /index.php/Admin/User/user
INFO: [ app_begin ] --START--
INFO: Run Behavior\ReadHtmlCacheBehavior [ RunTime:0.000396s ]
INFO: [ app_begin ] --END-- [ RunTime:0.000670s ]
SQL: SHOW COLUMNS FROM `pro_menu` [ RunTime:0.0028s ]
SQL: SELECT * FROM `pro_menu` WHERE ( hide = 0 ) ORDER BY sort desc  [ RunTime:0.0004s ]
SQL: SHOW COLUMNS FROM `pro_user` [ RunTime:0.0028s ]
SQL: SELECT * FROM `pro_user` WHERE ( 1 and status = 2 ) LIMIT 0,6   [ RunTime:0.0003s ]
SQL: SELECT COUNT(*) AS tp_count FROM `pro_user` WHERE ( 1 and status = 2 ) LIMIT 1   [ RunTime:0.0002s ]

[ 2018-05-18T14:45:26+08:00 ] 127.0.0.1 /index.php/Admin/User/user
INFO: [ app_begin ] --START--
INFO: Run Behavior\ReadHtmlCacheBehavior [ RunTime:0.000393s ]
INFO: [ app_begin ] --END-- [ RunTime:0.000702s ]
SQL: SHOW COLUMNS FROM `pro_menu` [ RunTime:0.0037s ]
SQL: SELECT * FROM `pro_menu` WHERE ( hide = 0 ) ORDER BY sort desc  [ RunTime:0.0005s ]
SQL: SHOW COLUMNS FROM `pro_user` [ RunTime:0.0033s ]
SQL: SELECT * FROM `pro_user` WHERE ( 1 and status = 2 ) LIMIT 0,6   [ RunTime:0.0003s ]
SQL: SELECT COUNT(*) AS tp_count FROM `pro_user` WHERE ( 1 and status = 2 ) LIMIT 1   [ RunTime:0.0002s ]

[ 2018-05-18T14:48:49+08:00 ] 127.0.0.1 /index.php/Admin/User/user
INFO: [ app_begin ] --START--
INFO: Run Behavior\ReadHtmlCacheBehavior [ RunTime:0.000435s ]
INFO: [ app_begin ] --END-- [ RunTime:0.000710s ]
SQL: SHOW COLUMNS FROM `pro_menu` [ RunTime:0.0051s ]
SQL: SELECT * FROM `pro_menu` WHERE ( hide = 0 ) ORDER BY sort desc  [ RunTime:0.0004s ]
SQL: SHOW COLUMNS FROM `pro_user` [ RunTime:0.0046s ]
SQL: SELECT * FROM `pro_user` WHERE ( 1 and status = 2 ) LIMIT 0,6   [ RunTime:0.0005s ]
SQL: SELECT COUNT(*) AS tp_count FROM `pro_user` WHERE ( 1 and status = 2 ) LIMIT 1   [ RunTime:0.0003s ]

[ 2018-05-18T14:49:17+08:00 ] 127.0.0.1 /index.php/Admin/System/addpark
INFO: [ app_begin ] --START--
INFO: Run Behavior\ReadHtmlCacheBehavior [ RunTime:0.000399s ]
INFO: [ app_begin ] --END-- [ RunTime:0.000719s ]
SQL: SHOW COLUMNS FROM `pro_menu` [ RunTime:0.0053s ]
SQL: SELECT * FROM `pro_menu` WHERE ( hide = 0 ) ORDER BY sort desc  [ RunTime:0.0007s ]
SQL: SHOW COLUMNS FROM `pro_park` [ RunTime:0.0036s ]
SQL: SELECT * FROM `pro_park` WHERE ( num = 1 ) LIMIT 1   [ RunTime:0.0003s ]
NOTIC: [8] Undefined index: validate C:\Users\15899\Desktop\Property\ThinkPHP\Library\Think\Model.class.php 第 1185 行.
NOTIC: [8] Undefined index: auto C:\Users\15899\Desktop\Property\ThinkPHP\Library\Think\Model.class.php 第 1128 行.
SQL: INSERT INTO `pro_park` (`num`) VALUES ('1') [ RunTime:0.0003s ]

[ 2018-05-18T14:53:36+08:00 ] 127.0.0.1 /index.php/Admin/System/addpark
INFO: [ app_begin ] --START--
INFO: Run Behavior\ReadHtmlCacheBehavior [ RunTime:0.000459s ]
INFO: [ app_begin ] --END-- [ RunTime:0.000774s ]
SQL: SHOW COLUMNS FROM `pro_menu` [ RunTime:0.0054s ]
SQL: SELECT * FROM `pro_menu` WHERE ( hide = 0 ) ORDER BY sort desc  [ RunTime:0.0008s ]
SQL: SHOW COLUMNS FROM `pro_park` [ RunTime:0.0034s ]
SQL: SELECT * FROM `pro_park` WHERE ( num = 1 and village_id = 7 ) LIMIT 1   [ RunTime:0.0003s ]
NOTIC: [8] Undefined index: validate C:\Users\15899\Desktop\Property\ThinkPHP\Library\Think\Model.class.php 第 1185 行.
NOTIC: [8] Undefined index: auto C:\Users\15899\Desktop\Property\ThinkPHP\Library\Think\Model.class.php 第 1128 行.
SQL: INSERT INTO `pro_park` (`village_id`,`num`) VALUES ('7','1') [ RunTime:0.0003s ]

[ 2018-05-18T14:53:40+08:00 ] 127.0.0.1 /index.php/Admin/System/addpark
INFO: [ app_begin ] --START--
INFO: Run Behavior\ReadHtmlCacheBehavior [ RunTime:0.000433s ]
INFO: [ app_begin ] --END-- [ RunTime:0.000715s ]
SQL: SHOW COLUMNS FROM `pro_menu` [ RunTime:0.0054s ]
SQL: SELECT * FROM `pro_menu` WHERE ( hide = 0 ) ORDER BY sort desc  [ RunTime:0.0004s ]
SQL: SHOW COLUMNS FROM `pro_park` [ RunTime:0.0034s ]
SQL: SELECT * FROM `pro_park` WHERE ( num = 1 and village_id = 7 ) LIMIT 1   [ RunTime:0.0003s ]

[ 2018-05-18T14:53:44+08:00 ] 127.0.0.1 /index.php/Admin/System/delpark/id/25.html
INFO: [ app_begin ] --START--
INFO: Run Behavior\ReadHtmlCacheBehavior [ RunTime:0.000595s ]
INFO: [ app_begin ] --END-- [ RunTime:0.001052s ]
SQL: SHOW COLUMNS FROM `pro_menu` [ RunTime:0.0049s ]
SQL: SELECT * FROM `pro_menu` WHERE ( hide = 0 ) ORDER BY sort desc  [ RunTime:0.0004s ]
SQL: SHOW COLUMNS FROM `pro_park` [ RunTime:0.0036s ]
SQL: DELETE FROM `pro_park` WHERE ( id = 25 ) [ RunTime:0.0005s ]

[ 2018-05-18T14:53:47+08:00 ] 127.0.0.1 /index.php/Admin/System/delpark/id/26.html
INFO: [ app_begin ] --START--
INFO: Run Behavior\ReadHtmlCacheBehavior [ RunTime:0.000427s ]
INFO: [ app_begin ] --END-- [ RunTime:0.000717s ]
SQL: SHOW COLUMNS FROM `pro_menu` [ RunTime:0.0030s ]
SQL: SELECT * FROM `pro_menu` WHERE ( hide = 0 ) ORDER BY sort desc  [ RunTime:0.0004s ]
SQL: SHOW COLUMNS FROM `pro_park` [ RunTime:0.0034s ]
SQL: DELETE FROM `pro_park` WHERE ( id = 26 ) [ RunTime:0.0003s ]

[ 2018-05-18T14:54:24+08:00 ] 127.0.0.1 /index.php/Admin/System/addpark
INFO: [ app_begin ] --START--
INFO: Run Behavior\ReadHtmlCacheBehavior [ RunTime:0.000397s ]
INFO: [ app_begin ] --END-- [ RunTime:0.000679s ]
SQL: SHOW COLUMNS FROM `pro_menu` [ RunTime:0.0057s ]
SQL: SELECT * FROM `pro_menu` WHERE ( hide = 0 ) ORDER BY sort desc  [ RunTime:0.0005s ]
SQL: SHOW COLUMNS FROM `pro_park` [ RunTime:0.0033s ]
SQL: SELECT * FROM `pro_park` WHERE ( num = 1 and village_id = 7 ) LIMIT 1   [ RunTime:0.0004s ]
NOTIC: [8] Undefined index: validate C:\Users\15899\Desktop\Property\ThinkPHP\Library\Think\Model.class.php 第 1185 行.
NOTIC: [8] Undefined index: auto C:\Users\15899\Desktop\Property\ThinkPHP\Library\Think\Model.class.php 第 1128 行.
SQL: INSERT INTO `pro_park` (`village_id`,`num`) VALUES ('7','1') [ RunTime:0.0004s ]

[ 2018-05-18T14:54:26+08:00 ] 127.0.0.1 /index.php/Admin/User/user
INFO: [ app_begin ] --START--
INFO: Run Behavior\ReadHtmlCacheBehavior [ RunTime:0.000444s ]
INFO: [ app_begin ] --END-- [ RunTime:0.000721s ]
SQL: SHOW COLUMNS FROM `pro_menu` [ RunTime:0.0033s ]
SQL: SELECT * FROM `pro_menu` WHERE ( hide = 0 ) ORDER BY sort desc  [ RunTime:0.0004s ]
SQL: SHOW COLUMNS FROM `pro_user` [ RunTime:0.0027s ]
SQL: SELECT * FROM `pro_user` WHERE ( 1 and status = 2 ) LIMIT 0,6   [ RunTime:0.0003s ]
SQL: SELECT COUNT(*) AS tp_count FROM `pro_user` WHERE ( 1 and status = 2 ) LIMIT 1   [ RunTime:0.0002s ]

[ 2018-05-18T14:55:34+08:00 ] 127.0.0.1 /index.php/Admin/User/user
INFO: [ app_begin ] --START--
INFO: Run Behavior\ReadHtmlCacheBehavior [ RunTime:0.000487s ]
INFO: [ app_begin ] --END-- [ RunTime:0.000796s ]
SQL: SHOW COLUMNS FROM `pro_menu` [ RunTime:0.0045s ]
SQL: SELECT * FROM `pro_menu` WHERE ( hide = 0 ) ORDER BY sort desc  [ RunTime:0.0005s ]
SQL: SHOW COLUMNS FROM `pro_user` [ RunTime:0.0040s ]
SQL: SELECT * FROM `pro_user` WHERE ( 1 and status = 2 ) LIMIT 0,6   [ RunTime:0.0003s ]
SQL: SELECT COUNT(*) AS tp_count FROM `pro_user` WHERE ( 1 and status = 2 ) LIMIT 1   [ RunTime:0.0002s ]

[ 2018-05-18T14:55:39+08:00 ] 127.0.0.1 /index.php/Admin/User/user
INFO: [ app_begin ] --START--
INFO: Run Behavior\ReadHtmlCacheBehavior [ RunTime:0.000400s ]
INFO: [ app_begin ] --END-- [ RunTime:0.000688s ]
SQL: SHOW COLUMNS FROM `pro_menu` [ RunTime:0.0062s ]
SQL: SELECT * FROM `pro_menu` WHERE ( hide = 0 ) ORDER BY sort desc  [ RunTime:0.0006s ]
SQL: SHOW COLUMNS FROM `pro_user` [ RunTime:0.0039s ]
SQL: SELECT * FROM `pro_user` WHERE ( 1 and status = 2 ) LIMIT 0,6   [ RunTime:0.0003s ]
SQL: SELECT COUNT(*) AS tp_count FROM `pro_user` WHERE ( 1 and status = 2 ) LIMIT 1   [ RunTime:0.0002s ]

[ 2018-05-18T14:58:36+08:00 ] 127.0.0.1 /index.php/Admin/System/addpark
INFO: [ app_begin ] --START--
INFO: Run Behavior\ReadHtmlCacheBehavior [ RunTime:0.000395s ]
INFO: [ app_begin ] --END-- [ RunTime:0.000670s ]
SQL: SHOW COLUMNS FROM `pro_menu` [ RunTime:0.0027s ]
SQL: SELECT * FROM `pro_menu` WHERE ( hide = 0 ) ORDER BY sort desc  [ RunTime:0.0004s ]
SQL: SHOW COLUMNS FROM `pro_park` [ RunTime:0.0032s ]
SQL: SELECT * FROM `pro_park` WHERE ( num = 1 and village_id = 8 ) LIMIT 1   [ RunTime:0.0004s ]
NOTIC: [8] Undefined index: validate C:\Users\15899\Desktop\Property\ThinkPHP\Library\Think\Model.class.php 第 1185 行.
NOTIC: [8] Undefined index: auto C:\Users\15899\Desktop\Property\ThinkPHP\Library\Think\Model.class.php 第 1128 行.
SQL: INSERT INTO `pro_park` (`village_id`,`num`) VALUES ('8','1') [ RunTime:0.0004s ]

[ 2018-05-18T14:59:01+08:00 ] 127.0.0.1 /index.php/Admin/User/user
INFO: [ app_begin ] --START--
INFO: Run Behavior\ReadHtmlCacheBehavior [ RunTime:0.000398s ]
INFO: [ app_begin ] --END-- [ RunTime:0.000699s ]
SQL: SHOW COLUMNS FROM `pro_menu` [ RunTime:0.0053s ]
SQL: SELECT * FROM `pro_menu` WHERE ( hide = 0 ) ORDER BY sort desc  [ RunTime:0.0004s ]
SQL: SHOW COLUMNS FROM `pro_user` [ RunTime:0.0029s ]
SQL: SELECT * FROM `pro_user` WHERE ( 1 and status = 2 ) LIMIT 0,6   [ RunTime:0.0003s ]
SQL: SELECT COUNT(*) AS tp_count FROM `pro_user` WHERE ( 1 and status = 2 ) LIMIT 1   [ RunTime:0.0002s ]

[ 2018-05-18T14:59:04+08:00 ] 127.0.0.1 /index.php/Admin/System/editpark
INFO: [ app_begin ] --START--
INFO: Run Behavior\ReadHtmlCacheBehavior [ RunTime:0.000406s ]
INFO: [ app_begin ] --END-- [ RunTime:0.000738s ]
SQL: SHOW COLUMNS FROM `pro_menu` [ RunTime:0.0051s ]
SQL: SELECT * FROM `pro_menu` WHERE ( hide = 0 ) ORDER BY sort desc  [ RunTime:0.0005s ]
SQL: SHOW COLUMNS FROM `pro_park` [ RunTime:0.0028s ]
NOTIC: [8] Undefined index: validate C:\Users\15899\Desktop\Property\ThinkPHP\Library\Think\Model.class.php 第 1185 行.
NOTIC: [8] Undefined index: auto C:\Users\15899\Desktop\Property\ThinkPHP\Library\Think\Model.class.php 第 1128 行.
SQL: UPDATE `pro_park` SET `id`='28',`status`='0',`uid`='26',`fee`='0.00' WHERE ( id = 28 ) [ RunTime:0.0004s ]

[ 2018-05-18T14:59:07+08:00 ] 127.0.0.1 /index.php/Admin/User/user
INFO: [ app_begin ] --START--
INFO: Run Behavior\ReadHtmlCacheBehavior [ RunTime:0.000443s ]
INFO: [ app_begin ] --END-- [ RunTime:0.000767s ]
SQL: SHOW COLUMNS FROM `pro_menu` [ RunTime:0.0046s ]
SQL: SELECT * FROM `pro_menu` WHERE ( hide = 0 ) ORDER BY sort desc  [ RunTime:0.0004s ]
SQL: SHOW COLUMNS FROM `pro_user` [ RunTime:0.0033s ]
SQL: SELECT * FROM `pro_user` WHERE ( 1 and status = 2 ) LIMIT 0,6   [ RunTime:0.0005s ]
SQL: SELECT COUNT(*) AS tp_count FROM `pro_user` WHERE ( 1 and status = 2 ) LIMIT 1   [ RunTime:0.0003s ]

[ 2018-05-18T15:01:35+08:00 ] 127.0.0.1 /index.php/Admin/Complaint/dealed/id/18
INFO: [ app_begin ] --START--
INFO: Run Behavior\ReadHtmlCacheBehavior [ RunTime:0.000735s ]
INFO: [ app_begin ] --END-- [ RunTime:0.001586s ]
SQL: SHOW COLUMNS FROM `pro_menu` [ RunTime:0.0043s ]
SQL: SELECT * FROM `pro_menu` WHERE ( hide = 0 ) ORDER BY sort desc  [ RunTime:0.0008s ]
SQL: SHOW COLUMNS FROM `pro_complaint` [ RunTime:0.0038s ]
SQL: UPDATE `pro_complaint` SET `status`='1',`update_time`='2018-05-18 15:01:35' WHERE ( id in (18) ) [ RunTime:0.0004s ]

[ 2018-05-18T15:09:56+08:00 ] 127.0.0.1 /index.php/Admin/Complaint/index.html
ERR: 1054:Unknown column 'm.uid' in 'order clause'
 [ SQL语句 ] : SELECT * FROM pro_user u,pro_complaint c WHERE ( u.uid = c.uid ) ORDER BY m.uid asc LIMIT 0,10  

[ 2018-05-18T15:11:40+08:00 ] 127.0.0.1 /index.php/Admin/Complaint/delete/id/24
INFO: [ app_begin ] --START--
INFO: Run Behavior\ReadHtmlCacheBehavior [ RunTime:0.000751s ]
INFO: [ app_begin ] --END-- [ RunTime:0.001129s ]
SQL: SHOW COLUMNS FROM `pro_menu` [ RunTime:0.0046s ]
SQL: SELECT * FROM `pro_menu` WHERE ( hide = 0 ) ORDER BY sort desc  [ RunTime:0.0006s ]
SQL: SHOW COLUMNS FROM `pro_complaint` [ RunTime:0.0042s ]
SQL: DELETE FROM `pro_complaint` WHERE ( id in (24) ) [ RunTime:0.0003s ]

[ 2018-05-18T15:32:29+08:00 ] 127.0.0.1 /index.php/Admin/User/user
INFO: [ app_begin ] --START--
INFO: Run Behavior\ReadHtmlCacheBehavior [ RunTime:0.000590s ]
INFO: [ app_begin ] --END-- [ RunTime:0.000874s ]
SQL: SHOW COLUMNS FROM `pro_menu` [ RunTime:0.0049s ]
SQL: SELECT * FROM `pro_menu` WHERE ( hide = 0 ) ORDER BY sort desc  [ RunTime:0.0004s ]
SQL: SHOW COLUMNS FROM `pro_user` [ RunTime:0.0034s ]
SQL: SELECT * FROM `pro_user` WHERE ( 1 and status = 2 ) LIMIT 0,6   [ RunTime:0.0003s ]
SQL: SELECT COUNT(*) AS tp_count FROM `pro_user` WHERE ( 1 and status = 2 ) LIMIT 1   [ RunTime:0.0002s ]

[ 2018-05-18T15:46:48+08:00 ] 127.0.0.1 /index.php/Admin/Index/index.html
INFO: [ app_init ] --START--
INFO: Run Behavior\BuildLiteBehavior [ RunTime:0.000015s ]
INFO: [ app_init ] --END-- [ RunTime:0.000426s ]
INFO: [ app_begin ] --START--
INFO: Run Behavior\ReadHtmlCacheBehavior [ RunTime:0.000754s ]
INFO: [ app_begin ] --END-- [ RunTime:0.000803s ]
SQL: SHOW COLUMNS FROM `pro_menu` [ RunTime:0.0054s ]
SQL: SELECT * FROM `pro_menu` WHERE ( hide = 0 ) ORDER BY sort desc  [ RunTime:0.0004s ]
INFO: [ view_parse ] --START--
INFO: [ template_filter ] --START--
INFO: Run Behavior\ContentReplaceBehavior [ RunTime:0.000048s ]
INFO: [ template_filter ] --END-- [ RunTime:0.000083s ]
INFO: Run Behavior\ParseTemplateBehavior [ RunTime:0.010620s ]
INFO: [ view_parse ] --END-- [ RunTime:0.010668s ]
INFO: [ view_filter ] --START--
INFO: Run Behavior\WriteHtmlCacheBehavior [ RunTime:0.000560s ]
INFO: [ view_filter ] --END-- [ RunTime:0.000614s ]
INFO: [ app_end ] --START--
INFO: Run Behavior\ShowPageTraceBehavior [ RunTime:0.000755s ]
INFO: [ app_end ] --END-- [ RunTime:0.000799s ]

