[ 2018-05-22T11:02:48+08:00 ] 127.0.0.1 /index.php/Admin/Order/index.html
INFO: [ app_init ] --START--
INFO: Run Behavior\BuildLiteBehavior [ RunTime:0.000030s ]
INFO: [ app_init ] --END-- [ RunTime:0.003229s ]
INFO: [ app_begin ] --START--
INFO: Run Behavior\ReadHtmlCacheBehavior [ RunTime:0.001529s ]
INFO: [ app_begin ] --END-- [ RunTime:0.001623s ]

[ 2018-05-22T11:02:48+08:00 ] 127.0.0.1 /index.php/Admin/Login/index.html
INFO: [ app_init ] --START--
INFO: Run Behavior\BuildLiteBehavior [ RunTime:0.000024s ]
INFO: [ app_init ] --END-- [ RunTime:0.000623s ]
INFO: [ app_begin ] --START--
INFO: Run Behavior\ReadHtmlCacheBehavior [ RunTime:0.001032s ]
INFO: [ app_begin ] --END-- [ RunTime:0.001127s ]
INFO: [ view_parse ] --START--
INFO: [ template_filter ] --START--
INFO: Run Behavior\ContentReplaceBehavior [ RunTime:0.002807s ]
INFO: [ template_filter ] --END-- [ RunTime:0.002933s ]
INFO: Run Behavior\ParseTemplateBehavior [ RunTime:0.018978s ]
INFO: [ view_parse ] --END-- [ RunTime:0.019136s ]
INFO: [ view_filter ] --START--
INFO: Run Behavior\WriteHtmlCacheBehavior [ RunTime:0.001365s ]
INFO: [ view_filter ] --END-- [ RunTime:0.001439s ]
INFO: [ app_end ] --START--
INFO: Run Behavior\ShowPageTraceBehavior [ RunTime:0.001724s ]
INFO: [ app_end ] --END-- [ RunTime:0.001805s ]

[ 2018-05-22T11:02:48+08:00 ] 127.0.0.1 /index.php/Admin/Login/getCode
INFO: [ app_init ] --START--
INFO: Run Behavior\BuildLiteBehavior [ RunTime:0.000016s ]
INFO: [ app_init ] --END-- [ RunTime:0.000396s ]
INFO: [ app_begin ] --START--
INFO: Run Behavior\ReadHtmlCacheBehavior [ RunTime:0.000644s ]
INFO: [ app_begin ] --END-- [ RunTime:0.000713s ]
INFO: [ app_end ] --START--
INFO: Run Behavior\ShowPageTraceBehavior [ RunTime:0.000509s ]
INFO: [ app_end ] --END-- [ RunTime:0.000562s ]

[ 2018-05-22T11:02:54+08:00 ] 127.0.0.1 /index.php/Admin/Login/getCode/a/0.255673263926699
INFO: [ app_init ] --START--
INFO: Run Behavior\BuildLiteBehavior [ RunTime:0.000010s ]
INFO: [ app_init ] --END-- [ RunTime:0.000289s ]
INFO: [ app_begin ] --START--
INFO: Run Behavior\ReadHtmlCacheBehavior [ RunTime:0.000570s ]
INFO: [ app_begin ] --END-- [ RunTime:0.000604s ]
INFO: [ app_end ] --START--
INFO: Run Behavior\ShowPageTraceBehavior [ RunTime:0.000570s ]
INFO: [ app_end ] --END-- [ RunTime:0.000606s ]

[ 2018-05-22T11:02:58+08:00 ] 127.0.0.1 /index.php/Admin/Login/index
INFO: [ app_init ] --START--
INFO: Run Behavior\BuildLiteBehavior [ RunTime:0.000014s ]
INFO: [ app_init ] --END-- [ RunTime:0.000369s ]
INFO: [ app_begin ] --START--
INFO: Run Behavior\ReadHtmlCacheBehavior [ RunTime:0.000574s ]
INFO: [ app_begin ] --END-- [ RunTime:0.000608s ]
SQL: SHOW COLUMNS FROM `pro_admin` [ RunTime:0.0541s ]
SQL: SELECT * FROM `pro_admin` WHERE ( username = 'admin' and status = 1 ) LIMIT 1   [ RunTime:0.0068s ]
SQL: SHOW COLUMNS FROM `pro_company` [ RunTime:0.0235s ]
SQL: SELECT * FROM `pro_company`  [ RunTime:0.0005s ]

[ 2018-05-22T11:02:58+08:00 ] 127.0.0.1 /index.php/Admin/Index
INFO: [ app_init ] --START--
INFO: Run Behavior\BuildLiteBehavior [ RunTime:0.000020s ]
INFO: [ app_init ] --END-- [ RunTime:0.000716s ]
INFO: [ app_begin ] --START--
INFO: Run Behavior\ReadHtmlCacheBehavior [ RunTime:0.000483s ]
INFO: [ app_begin ] --END-- [ RunTime:0.000523s ]
SQL: SHOW COLUMNS FROM `pro_menu` [ RunTime:0.0296s ]
SQL: SELECT * FROM `pro_menu` WHERE ( hide = 0 ) ORDER BY sort desc  [ RunTime:0.0293s ]
INFO: [ view_parse ] --START--
INFO: [ template_filter ] --START--
INFO: Run Behavior\ContentReplaceBehavior [ RunTime:0.000057s ]
INFO: [ template_filter ] --END-- [ RunTime:0.000098s ]
INFO: Run Behavior\ParseTemplateBehavior [ RunTime:0.021313s ]
INFO: [ view_parse ] --END-- [ RunTime:0.021368s ]
INFO: [ view_filter ] --START--
INFO: Run Behavior\WriteHtmlCacheBehavior [ RunTime:0.000530s ]
INFO: [ view_filter ] --END-- [ RunTime:0.000574s ]
INFO: [ app_end ] --START--
INFO: Run Behavior\ShowPageTraceBehavior [ RunTime:0.000629s ]
INFO: [ app_end ] --END-- [ RunTime:0.000673s ]

[ 2018-05-22T11:03:00+08:00 ] 127.0.0.1 /index.php/Admin/User/index.html
INFO: [ app_init ] --START--
INFO: Run Behavior\BuildLiteBehavior [ RunTime:0.000010s ]
INFO: [ app_init ] --END-- [ RunTime:0.000262s ]
INFO: [ app_begin ] --START--
INFO: Run Behavior\ReadHtmlCacheBehavior [ RunTime:0.000417s ]
INFO: [ app_begin ] --END-- [ RunTime:0.000450s ]
SQL: SHOW COLUMNS FROM `pro_menu` [ RunTime:0.0055s ]
SQL: SELECT * FROM `pro_menu` WHERE ( hide = 0 ) ORDER BY sort desc  [ RunTime:0.0010s ]
SQL: SHOW COLUMNS FROM `pro_admin` [ RunTime:0.0033s ]
SQL: SELECT COUNT(*) AS tp_count FROM `pro_admin` WHERE ( status >=0 and nickname like '%%' ) ORDER BY uid desc LIMIT 1   [ RunTime:0.0048s ]
SQL: SELECT * FROM `pro_admin` WHERE ( status >=0 and nickname like '%%' ) ORDER BY uid desc LIMIT 0,10   [ RunTime:0.0003s ]
INFO: [ view_parse ] --START--
INFO: [ template_filter ] --START--
INFO: Run Behavior\ContentReplaceBehavior [ RunTime:0.000060s ]
INFO: [ template_filter ] --END-- [ RunTime:0.000095s ]
NOTIC: [8] Undefined variable: back C:\Users\15899\Desktop\Property\Application\Runtime\Cache\Admin\65e605872ed5d34210f5b33beb13f5a3.php 第 56 行.
INFO: Run Behavior\ParseTemplateBehavior [ RunTime:0.012163s ]
INFO: [ view_parse ] --END-- [ RunTime:0.012202s ]
INFO: [ view_filter ] --START--
INFO: Run Behavior\WriteHtmlCacheBehavior [ RunTime:0.000223s ]
INFO: [ view_filter ] --END-- [ RunTime:0.000252s ]
INFO: [ app_end ] --START--
INFO: Run Behavior\ShowPageTraceBehavior [ RunTime:0.000414s ]
INFO: [ app_end ] --END-- [ RunTime:0.000442s ]

[ 2018-05-22T11:03:01+08:00 ] 127.0.0.1 /index.php/Admin/Fee/index.html
INFO: [ app_init ] --START--
INFO: Run Behavior\BuildLiteBehavior [ RunTime:0.000016s ]
INFO: [ app_init ] --END-- [ RunTime:0.000390s ]
INFO: [ app_begin ] --START--
INFO: Run Behavior\ReadHtmlCacheBehavior [ RunTime:0.000498s ]
INFO: [ app_begin ] --END-- [ RunTime:0.000538s ]
SQL: SHOW COLUMNS FROM `pro_menu` [ RunTime:0.0037s ]
SQL: SELECT * FROM `pro_menu` WHERE ( hide = 0 ) ORDER BY sort desc  [ RunTime:0.0007s ]
SQL: SHOW COLUMNS FROM `pro_rent` [ RunTime:0.1234s ]
SQL: SHOW COLUMNS FROM `pro_rent` [ RunTime:0.0109s ]
SQL: SELECT COUNT(*) AS tp_count FROM pro_rent r,pro_pro po,pro_user u WHERE ( u.uid = r.uid and r.room_id = po.room_num and u.username like '%%' ) LIMIT 1   [ RunTime:0.0259s ]
SQL: SHOW COLUMNS FROM `pro_rent` [ RunTime:0.0121s ]
SQL: SELECT u.*,po.fee pofee,po.out_time poout_time,po.last_pay_time polast_pay_time,r.fee rfee,r.out_time rout_time,r.status rstatus,r.id,r.last_pay_time rlast_pay_time FROM pro_rent r,pro_pro po,pro_user u WHERE ( u.uid = r.uid and r.room_id = po.room_num and u.username like '%%' ) LIMIT 0,10   [ RunTime:0.0015s ]
INFO: [ view_parse ] --START--
INFO: [ template_filter ] --START--
INFO: Run Behavior\ContentReplaceBehavior [ RunTime:0.000196s ]
INFO: [ template_filter ] --END-- [ RunTime:0.000328s ]
NOTIC: [8] Undefined variable: back C:\Users\15899\Desktop\Property\Application\Runtime\Cache\Admin\f043af71b08e3e57c85ffa1b0054e72b.php 第 55 行.
INFO: Run Behavior\ParseTemplateBehavior [ RunTime:0.036716s ]
INFO: [ view_parse ] --END-- [ RunTime:0.036905s ]
INFO: [ view_filter ] --START--
INFO: Run Behavior\WriteHtmlCacheBehavior [ RunTime:0.000695s ]
INFO: [ view_filter ] --END-- [ RunTime:0.000788s ]
INFO: [ app_end ] --START--
INFO: Run Behavior\ShowPageTraceBehavior [ RunTime:0.001461s ]
INFO: [ app_end ] --END-- [ RunTime:0.001569s ]

[ 2018-05-22T11:03:02+08:00 ] 127.0.0.1 /index.php/Admin/Device/index.html
INFO: [ app_init ] --START--
INFO: Run Behavior\BuildLiteBehavior [ RunTime:0.000013s ]
INFO: [ app_init ] --END-- [ RunTime:0.000470s ]
INFO: [ app_begin ] --START--
INFO: Run Behavior\ReadHtmlCacheBehavior [ RunTime:0.000466s ]
INFO: [ app_begin ] --END-- [ RunTime:0.000502s ]
SQL: SHOW COLUMNS FROM `pro_menu` [ RunTime:0.0050s ]
SQL: SELECT * FROM `pro_menu` WHERE ( hide = 0 ) ORDER BY sort desc  [ RunTime:0.0005s ]
SQL: SHOW COLUMNS FROM `pro_device` [ RunTime:0.0481s ]
SQL: SHOW COLUMNS FROM `pro_user` [ RunTime:0.0088s ]
SQL: SELECT COUNT(*) AS tp_count FROM pro_user u,pro_device d WHERE ( u.uid = d.uid and u.username like '%%' ) LIMIT 1   [ RunTime:0.0008s ]
SQL: SHOW COLUMNS FROM `pro_user` [ RunTime:0.0082s ]
SQL: SELECT * FROM pro_user u,pro_device d WHERE ( u.uid = d.uid and u.username like '%%' ) LIMIT 0,10   [ RunTime:0.0007s ]
INFO: [ view_parse ] --START--
INFO: [ template_filter ] --START--
INFO: Run Behavior\ContentReplaceBehavior [ RunTime:0.000175s ]
INFO: [ template_filter ] --END-- [ RunTime:0.000292s ]
NOTIC: [8] Undefined variable: back C:\Users\15899\Desktop\Property\Application\Runtime\Cache\Admin\41b529fcda1c7909d8584fcefd19a8bc.php 第 55 行.
INFO: Run Behavior\ParseTemplateBehavior [ RunTime:0.029656s ]
INFO: [ view_parse ] --END-- [ RunTime:0.029769s ]
INFO: [ view_filter ] --START--
INFO: Run Behavior\WriteHtmlCacheBehavior [ RunTime:0.000737s ]
INFO: [ view_filter ] --END-- [ RunTime:0.000827s ]
INFO: [ app_end ] --START--
INFO: Run Behavior\ShowPageTraceBehavior [ RunTime:0.001427s ]
INFO: [ app_end ] --END-- [ RunTime:0.001566s ]

[ 2018-05-22T11:03:02+08:00 ] 127.0.0.1 /index.php/Admin/Complaint/index.html
INFO: [ app_init ] --START--
INFO: Run Behavior\BuildLiteBehavior [ RunTime:0.000017s ]
INFO: [ app_init ] --END-- [ RunTime:0.000718s ]
INFO: [ app_begin ] --START--
INFO: Run Behavior\ReadHtmlCacheBehavior [ RunTime:0.000452s ]
INFO: [ app_begin ] --END-- [ RunTime:0.001084s ]
SQL: SHOW COLUMNS FROM `pro_menu` [ RunTime:0.0062s ]
SQL: SELECT * FROM `pro_menu` WHERE ( hide = 0 ) ORDER BY sort desc  [ RunTime:0.0008s ]
SQL: SHOW COLUMNS FROM `pro_complaint` [ RunTime:0.0093s ]
SQL: SHOW COLUMNS FROM `pro_user` [ RunTime:0.0059s ]
SQL: SELECT COUNT(*) AS tp_count FROM pro_user u,pro_complaint c WHERE ( u.uid = c.uid and u.username like '%%' ) LIMIT 1   [ RunTime:0.0006s ]
SQL: SHOW COLUMNS FROM `pro_user` [ RunTime:0.0052s ]
SQL: SELECT * FROM pro_user u,pro_complaint c WHERE ( u.uid = c.uid and u.username like '%%' ) LIMIT 0,10   [ RunTime:0.0005s ]
INFO: [ view_parse ] --START--
INFO: [ template_filter ] --START--
INFO: Run Behavior\ContentReplaceBehavior [ RunTime:0.000065s ]
INFO: [ template_filter ] --END-- [ RunTime:0.000106s ]
NOTIC: [8] Undefined variable: back C:\Users\15899\Desktop\Property\Application\Runtime\Cache\Admin\e0d3ce19b809bf58cc53bbaaa51f9f52.php 第 55 行.
INFO: Run Behavior\ParseTemplateBehavior [ RunTime:0.012511s ]
INFO: [ view_parse ] --END-- [ RunTime:0.012557s ]
INFO: [ view_filter ] --START--
INFO: Run Behavior\WriteHtmlCacheBehavior [ RunTime:0.000352s ]
INFO: [ view_filter ] --END-- [ RunTime:0.000414s ]
INFO: [ app_end ] --START--
INFO: Run Behavior\ShowPageTraceBehavior [ RunTime:0.000673s ]
INFO: [ app_end ] --END-- [ RunTime:0.000734s ]

[ 2018-05-22T11:03:03+08:00 ] 127.0.0.1 /index.php/Admin/Order/index.html
INFO: [ app_init ] --START--
INFO: Run Behavior\BuildLiteBehavior [ RunTime:0.000015s ]
INFO: [ app_init ] --END-- [ RunTime:0.000425s ]
INFO: [ app_begin ] --START--
INFO: Run Behavior\ReadHtmlCacheBehavior [ RunTime:0.000583s ]
INFO: [ app_begin ] --END-- [ RunTime:0.000669s ]
SQL: SHOW COLUMNS FROM `pro_menu` [ RunTime:0.0035s ]
SQL: SELECT * FROM `pro_menu` WHERE ( hide = 0 ) ORDER BY sort desc  [ RunTime:0.0005s ]
SQL: SHOW COLUMNS FROM `pro_order` [ RunTime:0.0536s ]
SQL: SHOW COLUMNS FROM `pro_order` [ RunTime:0.0032s ]
SQL: SELECT COUNT(*) AS tp_count FROM pro_order o,pro_user u WHERE ( o.status = 1 and o.uid = u.uid and u.username like '%%' ) LIMIT 1   [ RunTime:0.0068s ]
SQL: SHOW COLUMNS FROM `pro_order` [ RunTime:0.0050s ]
SQL: SELECT * FROM pro_order o,pro_user u WHERE ( o.status = 1 and o.uid = u.uid and u.username like '%%' ) LIMIT 0,10   [ RunTime:0.0008s ]
SQL: SHOW COLUMNS FROM `pro_room` [ RunTime:0.0254s ]
SQL: SELECT * FROM `pro_room` WHERE ( id = 44 ) LIMIT 1   [ RunTime:0.0004s ]
SQL: SELECT * FROM `pro_room` WHERE ( id = 25 ) LIMIT 1   [ RunTime:0.0004s ]
SQL: SHOW COLUMNS FROM `pro_park` [ RunTime:0.0290s ]
SQL: SELECT * FROM `pro_park` WHERE ( id = 21 ) LIMIT 1   [ RunTime:0.0004s ]
SQL: SELECT * FROM `pro_room` WHERE ( id = 28 ) LIMIT 1   [ RunTime:0.0003s ]
SQL: SELECT * FROM `pro_park` WHERE ( id = 22 ) LIMIT 1   [ RunTime:0.0003s ]
SQL: SELECT * FROM `pro_room` WHERE ( id = 31 ) LIMIT 1   [ RunTime:0.0003s ]
SQL: SELECT * FROM `pro_room` WHERE ( id = 31 ) LIMIT 1   [ RunTime:0.0002s ]
SQL: SELECT * FROM `pro_park` WHERE ( id = 24 ) LIMIT 1   [ RunTime:0.0002s ]
SQL: SELECT * FROM `pro_room` WHERE ( id = 32 ) LIMIT 1   [ RunTime:0.0002s ]
SQL: SELECT * FROM `pro_room` WHERE ( id = 32 ) LIMIT 1   [ RunTime:0.0002s ]
INFO: [ view_parse ] --START--
INFO: [ template_filter ] --START--
INFO: Run Behavior\ContentReplaceBehavior [ RunTime:0.000074s ]
INFO: [ template_filter ] --END-- [ RunTime:0.000116s ]
NOTIC: [8] Undefined variable: back C:\Users\15899\Desktop\Property\Application\Runtime\Cache\Admin\18bc66a7b6334412ab8e61a2539ecfbd.php 第 55 行.
INFO: Run Behavior\ParseTemplateBehavior [ RunTime:0.015703s ]
INFO: [ view_parse ] --END-- [ RunTime:0.015763s ]
INFO: [ view_filter ] --START--
INFO: Run Behavior\WriteHtmlCacheBehavior [ RunTime:0.000406s ]
INFO: [ view_filter ] --END-- [ RunTime:0.000448s ]
INFO: [ app_end ] --START--
INFO: Run Behavior\ShowPageTraceBehavior [ RunTime:0.000798s ]
INFO: [ app_end ] --END-- [ RunTime:0.000883s ]

[ 2018-05-22T11:03:03+08:00 ] 127.0.0.1 /index.php/Admin/System/index.html
INFO: [ app_init ] --START--
INFO: Run Behavior\BuildLiteBehavior [ RunTime:0.000020s ]
INFO: [ app_init ] --END-- [ RunTime:0.000486s ]
INFO: [ app_begin ] --START--
INFO: Run Behavior\ReadHtmlCacheBehavior [ RunTime:0.000716s ]
INFO: [ app_begin ] --END-- [ RunTime:0.000781s ]
SQL: SHOW COLUMNS FROM `pro_menu` [ RunTime:0.0048s ]
SQL: SELECT * FROM `pro_menu` WHERE ( hide = 0 ) ORDER BY sort desc  [ RunTime:0.0006s ]
SQL: SHOW COLUMNS FROM `pro_menu` [ RunTime:0.0047s ]
SQL: SELECT COUNT(*) AS tp_count FROM `pro_menu` WHERE ( parent_id = 0 ) ORDER BY sort desc LIMIT 1   [ RunTime:0.0004s ]
SQL: SELECT * FROM `pro_menu` WHERE ( parent_id = 0 ) ORDER BY sort desc LIMIT 0,10   [ RunTime:0.0004s ]
INFO: [ view_parse ] --START--
INFO: [ template_filter ] --START--
INFO: Run Behavior\ContentReplaceBehavior [ RunTime:0.000094s ]
INFO: [ template_filter ] --END-- [ RunTime:0.000157s ]
NOTIC: [8] Undefined variable: back C:\Users\15899\Desktop\Property\Application\Runtime\Cache\Admin\2c2c98dfae62b20ffdb7278df0486bd4.php 第 55 行.
INFO: Run Behavior\ParseTemplateBehavior [ RunTime:0.015649s ]
INFO: [ view_parse ] --END-- [ RunTime:0.015728s ]
INFO: [ view_filter ] --START--
INFO: Run Behavior\WriteHtmlCacheBehavior [ RunTime:0.000377s ]
INFO: [ view_filter ] --END-- [ RunTime:0.000424s ]
INFO: [ app_end ] --START--
INFO: Run Behavior\ShowPageTraceBehavior [ RunTime:0.000793s ]
INFO: [ app_end ] --END-- [ RunTime:0.000864s ]

[ 2018-05-22T11:49:00+08:00 ] 127.0.0.1 /index.php/Admin/Index/index.html
INFO: [ app_init ] --START--
INFO: Run Behavior\BuildLiteBehavior [ RunTime:0.000011s ]
INFO: [ app_init ] --END-- [ RunTime:0.000560s ]
INFO: [ app_begin ] --START--
INFO: Run Behavior\ReadHtmlCacheBehavior [ RunTime:0.000488s ]
INFO: [ app_begin ] --END-- [ RunTime:0.000521s ]
SQL: SHOW COLUMNS FROM `pro_menu` [ RunTime:0.0066s ]
SQL: SELECT * FROM `pro_menu` WHERE ( hide = 0 ) ORDER BY sort desc  [ RunTime:0.0005s ]
INFO: [ view_parse ] --START--
INFO: [ template_filter ] --START--
INFO: Run Behavior\ContentReplaceBehavior [ RunTime:0.000048s ]
INFO: [ template_filter ] --END-- [ RunTime:0.000079s ]
INFO: Run Behavior\ParseTemplateBehavior [ RunTime:0.008163s ]
INFO: [ view_parse ] --END-- [ RunTime:0.008200s ]
INFO: [ view_filter ] --START--
INFO: Run Behavior\WriteHtmlCacheBehavior [ RunTime:0.000296s ]
INFO: [ view_filter ] --END-- [ RunTime:0.000324s ]
INFO: [ app_end ] --START--
INFO: Run Behavior\ShowPageTraceBehavior [ RunTime:0.000533s ]
INFO: [ app_end ] --END-- [ RunTime:0.000561s ]

[ 2018-05-22T11:49:40+08:00 ] 127.0.0.1 /index.php/Admin/Login/loginout
INFO: [ app_init ] --START--
INFO: Run Behavior\BuildLiteBehavior [ RunTime:0.000010s ]
INFO: [ app_init ] --END-- [ RunTime:0.000277s ]
INFO: [ app_begin ] --START--
INFO: Run Behavior\ReadHtmlCacheBehavior [ RunTime:0.000471s ]
INFO: [ app_begin ] --END-- [ RunTime:0.000504s ]
INFO: [ app_end ] --START--
INFO: Run Behavior\ShowPageTraceBehavior [ RunTime:0.000451s ]
INFO: [ app_end ] --END-- [ RunTime:0.000481s ]

[ 2018-05-22T11:49:40+08:00 ] 127.0.0.1 /index.php/Admin/Index/index.html
INFO: [ app_init ] --START--
INFO: Run Behavior\BuildLiteBehavior [ RunTime:0.000011s ]
INFO: [ app_init ] --END-- [ RunTime:0.000357s ]
INFO: [ app_begin ] --START--
INFO: Run Behavior\ReadHtmlCacheBehavior [ RunTime:0.000666s ]
INFO: [ app_begin ] --END-- [ RunTime:0.000746s ]

[ 2018-05-22T11:49:40+08:00 ] 127.0.0.1 /index.php/Admin/Login/index.html
INFO: [ app_init ] --START--
INFO: Run Behavior\BuildLiteBehavior [ RunTime:0.000009s ]
INFO: [ app_init ] --END-- [ RunTime:0.000248s ]
INFO: [ app_begin ] --START--
INFO: Run Behavior\ReadHtmlCacheBehavior [ RunTime:0.000508s ]
INFO: [ app_begin ] --END-- [ RunTime:0.000567s ]
INFO: [ view_parse ] --START--
INFO: [ template_filter ] --START--
INFO: Run Behavior\ContentReplaceBehavior [ RunTime:0.000036s ]
INFO: [ template_filter ] --END-- [ RunTime:0.000075s ]
INFO: Run Behavior\ParseTemplateBehavior [ RunTime:0.006279s ]
INFO: [ view_parse ] --END-- [ RunTime:0.006369s ]
INFO: [ view_filter ] --START--
INFO: Run Behavior\WriteHtmlCacheBehavior [ RunTime:0.000277s ]
INFO: [ view_filter ] --END-- [ RunTime:0.000304s ]
INFO: [ app_end ] --START--
INFO: Run Behavior\ShowPageTraceBehavior [ RunTime:0.000412s ]
INFO: [ app_end ] --END-- [ RunTime:0.000442s ]

[ 2018-05-22T11:49:40+08:00 ] 127.0.0.1 /index.php/Admin/Login/getCode
INFO: [ app_init ] --START--
INFO: Run Behavior\BuildLiteBehavior [ RunTime:0.000030s ]
INFO: [ app_init ] --END-- [ RunTime:0.000360s ]
INFO: [ app_begin ] --START--
INFO: Run Behavior\ReadHtmlCacheBehavior [ RunTime:0.001380s ]
INFO: [ app_begin ] --END-- [ RunTime:0.001469s ]
INFO: [ app_end ] --START--
INFO: Run Behavior\ShowPageTraceBehavior [ RunTime:0.002771s ]
INFO: [ app_end ] --END-- [ RunTime:0.002886s ]

[ 2018-05-22T12:27:22+08:00 ] 127.0.0.1 /index.php/Admin/Login/index.html
INFO: [ app_init ] --START--
INFO: Run Behavior\BuildLiteBehavior [ RunTime:0.000011s ]
INFO: [ app_init ] --END-- [ RunTime:0.000309s ]
INFO: [ app_begin ] --START--
INFO: Run Behavior\ReadHtmlCacheBehavior [ RunTime:0.000513s ]
INFO: [ app_begin ] --END-- [ RunTime:0.000550s ]
INFO: [ view_parse ] --START--
INFO: [ template_filter ] --START--
INFO: Run Behavior\ContentReplaceBehavior [ RunTime:0.000039s ]
INFO: [ template_filter ] --END-- [ RunTime:0.000078s ]
INFO: Run Behavior\ParseTemplateBehavior [ RunTime:0.006201s ]
INFO: [ view_parse ] --END-- [ RunTime:0.006259s ]
INFO: [ view_filter ] --START--
INFO: Run Behavior\WriteHtmlCacheBehavior [ RunTime:0.000721s ]
INFO: [ view_filter ] --END-- [ RunTime:0.000802s ]
INFO: [ app_end ] --START--
INFO: Run Behavior\ShowPageTraceBehavior [ RunTime:0.000881s ]
INFO: [ app_end ] --END-- [ RunTime:0.000928s ]

[ 2018-05-22T12:27:22+08:00 ] 127.0.0.1 /index.php/Admin/Login/getCode
INFO: [ app_init ] --START--
INFO: Run Behavior\BuildLiteBehavior [ RunTime:0.000013s ]
INFO: [ app_init ] --END-- [ RunTime:0.000303s ]
INFO: [ app_begin ] --START--
INFO: Run Behavior\ReadHtmlCacheBehavior [ RunTime:0.000547s ]
INFO: [ app_begin ] --END-- [ RunTime:0.000589s ]
INFO: [ app_end ] --START--
INFO: Run Behavior\ShowPageTraceBehavior [ RunTime:0.000474s ]
INFO: [ app_end ] --END-- [ RunTime:0.000525s ]

[ 2018-05-22T12:42:42+08:00 ] 127.0.0.1 /index.php/Admin/Login/index.html
INFO: [ app_init ] --START--
INFO: Run Behavior\BuildLiteBehavior [ RunTime:0.000011s ]
INFO: [ app_init ] --END-- [ RunTime:0.000295s ]
INFO: [ app_begin ] --START--
INFO: Run Behavior\ReadHtmlCacheBehavior [ RunTime:0.000517s ]
INFO: [ app_begin ] --END-- [ RunTime:0.000555s ]
INFO: [ view_parse ] --START--
INFO: [ template_filter ] --START--
INFO: Run Behavior\ContentReplaceBehavior [ RunTime:0.000037s ]
INFO: [ template_filter ] --END-- [ RunTime:0.000071s ]
INFO: Run Behavior\ParseTemplateBehavior [ RunTime:0.004891s ]
INFO: [ view_parse ] --END-- [ RunTime:0.004929s ]
INFO: [ view_filter ] --START--
INFO: Run Behavior\WriteHtmlCacheBehavior [ RunTime:0.000367s ]
INFO: [ view_filter ] --END-- [ RunTime:0.000395s ]
INFO: [ app_end ] --START--
INFO: Run Behavior\ShowPageTraceBehavior [ RunTime:0.001003s ]
INFO: [ app_end ] --END-- [ RunTime:0.001100s ]

[ 2018-05-22T12:42:42+08:00 ] 127.0.0.1 /index.php/Admin/Login/getCode
INFO: [ app_init ] --START--
INFO: Run Behavior\BuildLiteBehavior [ RunTime:0.000017s ]
INFO: [ app_init ] --END-- [ RunTime:0.000438s ]
INFO: [ app_begin ] --START--
INFO: Run Behavior\ReadHtmlCacheBehavior [ RunTime:0.001248s ]
INFO: [ app_begin ] --END-- [ RunTime:0.001484s ]
INFO: [ app_end ] --START--
INFO: Run Behavior\ShowPageTraceBehavior [ RunTime:0.000630s ]
INFO: [ app_end ] --END-- [ RunTime:0.000697s ]

[ 2018-05-22T12:42:49+08:00 ] 127.0.0.1 /index.php/Admin/Login/index
INFO: [ app_init ] --START--
INFO: Run Behavior\BuildLiteBehavior [ RunTime:0.000009s ]
INFO: [ app_init ] --END-- [ RunTime:0.000240s ]
INFO: [ app_begin ] --START--
INFO: Run Behavior\ReadHtmlCacheBehavior [ RunTime:0.000388s ]
INFO: [ app_begin ] --END-- [ RunTime:0.000418s ]
SQL: SHOW COLUMNS FROM `pro_admin` [ RunTime:0.0064s ]
SQL: SELECT * FROM `pro_admin` WHERE ( username = 'admin' and status = 1 ) LIMIT 1   [ RunTime:0.0004s ]
SQL: SHOW COLUMNS FROM `pro_company` [ RunTime:0.0033s ]
SQL: SELECT * FROM `pro_company`  [ RunTime:0.0003s ]

[ 2018-05-22T12:42:49+08:00 ] 127.0.0.1 /index.php/Admin/Index
INFO: [ app_init ] --START--
INFO: Run Behavior\BuildLiteBehavior [ RunTime:0.000010s ]
INFO: [ app_init ] --END-- [ RunTime:0.000261s ]
INFO: [ app_begin ] --START--
INFO: Run Behavior\ReadHtmlCacheBehavior [ RunTime:0.000431s ]
INFO: [ app_begin ] --END-- [ RunTime:0.000464s ]
SQL: SHOW COLUMNS FROM `pro_menu` [ RunTime:0.0033s ]
SQL: SELECT * FROM `pro_menu` WHERE ( hide = 0 ) ORDER BY sort desc  [ RunTime:0.0005s ]
INFO: [ view_parse ] --START--
INFO: [ template_filter ] --START--
INFO: Run Behavior\ContentReplaceBehavior [ RunTime:0.000099s ]
INFO: [ template_filter ] --END-- [ RunTime:0.000199s ]
INFO: Run Behavior\ParseTemplateBehavior [ RunTime:0.009760s ]
INFO: [ view_parse ] --END-- [ RunTime:0.009835s ]
INFO: [ view_filter ] --START--
INFO: Run Behavior\WriteHtmlCacheBehavior [ RunTime:0.000521s ]
INFO: [ view_filter ] --END-- [ RunTime:0.000593s ]
INFO: [ app_end ] --START--
INFO: Run Behavior\ShowPageTraceBehavior [ RunTime:0.000572s ]
INFO: [ app_end ] --END-- [ RunTime:0.000616s ]

[ 2018-05-22T12:42:50+08:00 ] 127.0.0.1 /index.php/Admin/System/index.html
INFO: [ app_init ] --START--
INFO: Run Behavior\BuildLiteBehavior [ RunTime:0.000011s ]
INFO: [ app_init ] --END-- [ RunTime:0.000260s ]
INFO: [ app_begin ] --START--
INFO: Run Behavior\ReadHtmlCacheBehavior [ RunTime:0.000472s ]
INFO: [ app_begin ] --END-- [ RunTime:0.000506s ]
SQL: SHOW COLUMNS FROM `pro_menu` [ RunTime:0.0058s ]
SQL: SELECT * FROM `pro_menu` WHERE ( hide = 0 ) ORDER BY sort desc  [ RunTime:0.0008s ]
SQL: SHOW COLUMNS FROM `pro_menu` [ RunTime:0.0039s ]
SQL: SELECT COUNT(*) AS tp_count FROM `pro_menu` WHERE ( parent_id = 0 ) ORDER BY sort desc LIMIT 1   [ RunTime:0.0003s ]
SQL: SELECT * FROM `pro_menu` WHERE ( parent_id = 0 ) ORDER BY sort desc LIMIT 0,10   [ RunTime:0.0003s ]
INFO: [ view_parse ] --START--
INFO: [ template_filter ] --START--
INFO: Run Behavior\ContentReplaceBehavior [ RunTime:0.000065s ]
INFO: [ template_filter ] --END-- [ RunTime:0.000110s ]
NOTIC: [8] Undefined variable: back C:\Users\15899\Desktop\Property\Application\Runtime\Cache\Admin\2c2c98dfae62b20ffdb7278df0486bd4.php 第 55 行.
INFO: Run Behavior\ParseTemplateBehavior [ RunTime:0.019553s ]
INFO: [ view_parse ] --END-- [ RunTime:0.019615s ]
INFO: [ view_filter ] --START--
INFO: Run Behavior\WriteHtmlCacheBehavior [ RunTime:0.000422s ]
INFO: [ view_filter ] --END-- [ RunTime:0.000471s ]
INFO: [ app_end ] --START--
INFO: Run Behavior\ShowPageTraceBehavior [ RunTime:0.000578s ]
INFO: [ app_end ] --END-- [ RunTime:0.000627s ]

[ 2018-05-22T12:42:52+08:00 ] 127.0.0.1 /index.php/Admin/System/house.html
INFO: [ app_init ] --START--
INFO: Run Behavior\BuildLiteBehavior [ RunTime:0.000012s ]
INFO: [ app_init ] --END-- [ RunTime:0.000287s ]
INFO: [ app_begin ] --START--
INFO: Run Behavior\ReadHtmlCacheBehavior [ RunTime:0.000532s ]
INFO: [ app_begin ] --END-- [ RunTime:0.000579s ]
SQL: SHOW COLUMNS FROM `pro_menu` [ RunTime:0.0038s ]
SQL: SELECT * FROM `pro_menu` WHERE ( hide = 0 ) ORDER BY sort desc  [ RunTime:0.0005s ]
SQL: SHOW COLUMNS FROM `pro_room` [ RunTime:0.0064s ]
SQL: SHOW COLUMNS FROM `pro_room` [ RunTime:0.0033s ]
SQL: SELECT COUNT(*) AS tp_count FROM pro_room r,pro_village v WHERE ( r.parent_id = 0 and v.id = r.village_id ) LIMIT 1   [ RunTime:0.1198s ]
SQL: SHOW COLUMNS FROM `pro_room` [ RunTime:0.0162s ]
SQL: SELECT r.*,v.name FROM pro_room r,pro_village v WHERE ( r.parent_id = 0 and v.id = r.village_id ) LIMIT 0,10   [ RunTime:0.0012s ]
NOTIC: [8] Undefined variable: where C:\Users\15899\Desktop\Property\Application\Admin\Controller\SystemController.class.php 第 356 行.
SQL: SHOW COLUMNS FROM `pro_room` [ RunTime:0.0108s ]
SQL: SELECT r.*,tmp.parent_id build FROM pro_room r right join (select * from pro_room where parent_id in (41,42,47)  ) as tmp on r.parent_id = tmp.id   [ RunTime:0.0021s ]
SQL: SHOW COLUMNS FROM `pro_village` [ RunTime:0.0128s ]
SQL: SELECT * FROM `pro_village`  [ RunTime:0.0008s ]
INFO: [ view_parse ] --START--
INFO: [ template_filter ] --START--
INFO: Run Behavior\ContentReplaceBehavior [ RunTime:0.000303s ]
INFO: [ template_filter ] --END-- [ RunTime:0.000454s ]
NOTIC: [8] Undefined variable: back C:\Users\15899\Desktop\Property\Application\Runtime\Cache\Admin\2f9b56764f9c1af67471836ef26ee515.php 第 54 行.
INFO: Run Behavior\ParseTemplateBehavior [ RunTime:0.051322s ]
INFO: [ view_parse ] --END-- [ RunTime:0.051433s ]
INFO: [ view_filter ] --START--
INFO: Run Behavior\WriteHtmlCacheBehavior [ RunTime:0.000537s ]
INFO: [ view_filter ] --END-- [ RunTime:0.000600s ]
INFO: [ app_end ] --START--
INFO: Run Behavior\ShowPageTraceBehavior [ RunTime:0.001211s ]
INFO: [ app_end ] --END-- [ RunTime:0.001319s ]

[ 2018-05-22T12:42:53+08:00 ] 127.0.0.1 /index.php/Admin/System/addroom.html
INFO: [ app_init ] --START--
INFO: Run Behavior\BuildLiteBehavior [ RunTime:0.000011s ]
INFO: [ app_init ] --END-- [ RunTime:0.000331s ]
INFO: [ app_begin ] --START--
INFO: Run Behavior\ReadHtmlCacheBehavior [ RunTime:0.000402s ]
INFO: [ app_begin ] --END-- [ RunTime:0.000436s ]
SQL: SHOW COLUMNS FROM `pro_menu` [ RunTime:0.0048s ]
SQL: SELECT * FROM `pro_menu` WHERE ( hide = 0 ) ORDER BY sort desc  [ RunTime:0.0009s ]
SQL: SHOW COLUMNS FROM `pro_room` [ RunTime:0.0041s ]
SQL: SELECT * FROM `pro_room`  [ RunTime:0.0004s ]
SQL: SHOW COLUMNS FROM `pro_village` [ RunTime:0.0044s ]
SQL: SELECT * FROM `pro_village`  [ RunTime:0.0003s ]
INFO: [ view_parse ] --START--
INFO: [ template_filter ] --START--
INFO: Run Behavior\ContentReplaceBehavior [ RunTime:0.000088s ]
INFO: [ template_filter ] --END-- [ RunTime:0.000132s ]
INFO: Run Behavior\ParseTemplateBehavior [ RunTime:0.009307s ]
INFO: [ view_parse ] --END-- [ RunTime:0.009373s ]
INFO: [ view_filter ] --START--
INFO: Run Behavior\WriteHtmlCacheBehavior [ RunTime:0.000301s ]
INFO: [ view_filter ] --END-- [ RunTime:0.000344s ]
INFO: [ app_end ] --START--
INFO: Run Behavior\ShowPageTraceBehavior [ RunTime:0.000708s ]
INFO: [ app_end ] --END-- [ RunTime:0.000745s ]

[ 2018-05-22T12:42:56+08:00 ] 127.0.0.1 /index.php/Admin/System/addroom.html
INFO: [ app_init ] --START--
INFO: Run Behavior\BuildLiteBehavior [ RunTime:0.000009s ]
INFO: [ app_init ] --END-- [ RunTime:0.000241s ]
INFO: [ app_begin ] --START--
INFO: Run Behavior\ReadHtmlCacheBehavior [ RunTime:0.000386s ]
INFO: [ app_begin ] --END-- [ RunTime:0.000420s ]
SQL: SHOW COLUMNS FROM `pro_menu` [ RunTime:0.0059s ]
SQL: SELECT * FROM `pro_menu` WHERE ( hide = 0 ) ORDER BY sort desc  [ RunTime:0.0004s ]
SQL: SHOW COLUMNS FROM `pro_room` [ RunTime:0.0049s ]
SQL: SELECT * FROM `pro_room`  [ RunTime:0.0005s ]
SQL: SHOW COLUMNS FROM `pro_village` [ RunTime:0.0036s ]
SQL: SELECT * FROM `pro_village`  [ RunTime:0.0003s ]
INFO: [ view_parse ] --START--
INFO: [ template_filter ] --START--
INFO: Run Behavior\ContentReplaceBehavior [ RunTime:0.000060s ]
INFO: [ template_filter ] --END-- [ RunTime:0.000089s ]
INFO: Run Behavior\ParseTemplateBehavior [ RunTime:0.006455s ]
INFO: [ view_parse ] --END-- [ RunTime:0.006551s ]
INFO: [ view_filter ] --START--
INFO: Run Behavior\WriteHtmlCacheBehavior [ RunTime:0.000426s ]
INFO: [ view_filter ] --END-- [ RunTime:0.000487s ]
INFO: [ app_end ] --START--
INFO: Run Behavior\ShowPageTraceBehavior [ RunTime:0.000544s ]
INFO: [ app_end ] --END-- [ RunTime:0.000583s ]

[ 2018-05-22T12:43:02+08:00 ] 127.0.0.1 /index.php/Admin/System/addroom
INFO: [ app_init ] --START--
INFO: Run Behavior\BuildLiteBehavior [ RunTime:0.000011s ]
INFO: [ app_init ] --END-- [ RunTime:0.000296s ]
INFO: [ app_begin ] --START--
INFO: Run Behavior\ReadHtmlCacheBehavior [ RunTime:0.000529s ]
INFO: [ app_begin ] --END-- [ RunTime:0.000564s ]
SQL: SHOW COLUMNS FROM `pro_menu` [ RunTime:0.0059s ]
SQL: SELECT * FROM `pro_menu` WHERE ( hide = 0 ) ORDER BY sort desc  [ RunTime:0.0004s ]
SQL: SHOW COLUMNS FROM `pro_room` [ RunTime:0.0034s ]
SQL: SELECT * FROM `pro_room` WHERE ( room = 1111 and parent_id = 47 and village_id = 7 )  [ RunTime:0.0004s ]
NOTIC: [8] Undefined index: validate C:\Users\15899\Desktop\Property\ThinkPHP\Library\Think\Model.class.php 第 1185 行.
NOTIC: [8] Undefined index: auto C:\Users\15899\Desktop\Property\ThinkPHP\Library\Think\Model.class.php 第 1128 行.
SQL: INSERT INTO `pro_room` (`parent_id`,`village_id`,`room`) VALUES ('47','7','1111') [ RunTime:0.0005s ]

[ 2018-05-22T12:43:04+08:00 ] 127.0.0.1 /index.php/Admin/System/house
INFO: [ app_init ] --START--
INFO: Run Behavior\BuildLiteBehavior [ RunTime:0.000030s ]
INFO: [ app_init ] --END-- [ RunTime:0.000744s ]
INFO: [ app_begin ] --START--
INFO: Run Behavior\ReadHtmlCacheBehavior [ RunTime:0.001174s ]
INFO: [ app_begin ] --END-- [ RunTime:0.001273s ]
SQL: SHOW COLUMNS FROM `pro_menu` [ RunTime:0.0078s ]
SQL: SELECT * FROM `pro_menu` WHERE ( hide = 0 ) ORDER BY sort desc  [ RunTime:0.0007s ]
SQL: SHOW COLUMNS FROM `pro_room` [ RunTime:0.0055s ]
SQL: SHOW COLUMNS FROM `pro_room` [ RunTime:0.0047s ]
SQL: SELECT COUNT(*) AS tp_count FROM pro_room r,pro_village v WHERE ( r.parent_id = 0 and v.id = r.village_id ) LIMIT 1   [ RunTime:0.0004s ]
SQL: SHOW COLUMNS FROM `pro_room` [ RunTime:0.0061s ]
SQL: SELECT r.*,v.name FROM pro_room r,pro_village v WHERE ( r.parent_id = 0 and v.id = r.village_id ) LIMIT 0,10   [ RunTime:0.0005s ]
NOTIC: [8] Undefined variable: where C:\Users\15899\Desktop\Property\Application\Admin\Controller\SystemController.class.php 第 356 行.
SQL: SHOW COLUMNS FROM `pro_room` [ RunTime:0.0046s ]
SQL: SELECT r.*,tmp.parent_id build FROM pro_room r right join (select * from pro_room where parent_id in (41,42,47)  ) as tmp on r.parent_id = tmp.id   [ RunTime:0.0007s ]
SQL: SHOW COLUMNS FROM `pro_village` [ RunTime:0.0055s ]
SQL: SELECT * FROM `pro_village`  [ RunTime:0.0004s ]
INFO: [ view_parse ] --START--
INFO: [ template_filter ] --START--
INFO: Run Behavior\ContentReplaceBehavior [ RunTime:0.000136s ]
INFO: [ template_filter ] --END-- [ RunTime:0.000242s ]
NOTIC: [8] Undefined variable: back C:\Users\15899\Desktop\Property\Application\Runtime\Cache\Admin\2f9b56764f9c1af67471836ef26ee515.php 第 54 行.
INFO: Run Behavior\ParseTemplateBehavior [ RunTime:0.020752s ]
INFO: [ view_parse ] --END-- [ RunTime:0.020825s ]
INFO: [ view_filter ] --START--
INFO: Run Behavior\WriteHtmlCacheBehavior [ RunTime:0.000508s ]
INFO: [ view_filter ] --END-- [ RunTime:0.000552s ]
INFO: [ app_end ] --START--
INFO: Run Behavior\ShowPageTraceBehavior [ RunTime:0.000893s ]
INFO: [ app_end ] --END-- [ RunTime:0.000952s ]

[ 2018-05-22T12:43:07+08:00 ] 127.0.0.1 /index.php/Admin/System/house
INFO: [ app_init ] --START--
INFO: Run Behavior\BuildLiteBehavior [ RunTime:0.000012s ]
INFO: [ app_init ] --END-- [ RunTime:0.000865s ]
INFO: [ app_begin ] --START--
INFO: Run Behavior\ReadHtmlCacheBehavior [ RunTime:0.002304s ]
INFO: [ app_begin ] --END-- [ RunTime:0.002894s ]
SQL: SHOW COLUMNS FROM `pro_menu` [ RunTime:0.0057s ]
SQL: SELECT * FROM `pro_menu` WHERE ( hide = 0 ) ORDER BY sort desc  [ RunTime:0.0009s ]
SQL: SHOW COLUMNS FROM `pro_room` [ RunTime:0.0060s ]
SQL: SHOW COLUMNS FROM `pro_room` [ RunTime:0.0044s ]
SQL: SELECT COUNT(*) AS tp_count FROM pro_room r,pro_village v WHERE ( r.parent_id = 0 and v.id = r.village_id ) LIMIT 1   [ RunTime:0.0003s ]
SQL: SHOW COLUMNS FROM `pro_room` [ RunTime:0.0035s ]
SQL: SELECT r.*,v.name FROM pro_room r,pro_village v WHERE ( r.parent_id = 0 and v.id = r.village_id ) LIMIT 0,10   [ RunTime:0.0008s ]
NOTIC: [8] Undefined variable: where C:\Users\15899\Desktop\Property\Application\Admin\Controller\SystemController.class.php 第 356 行.
SQL: SHOW COLUMNS FROM `pro_room` [ RunTime:0.0039s ]
SQL: SELECT r.*,tmp.parent_id build FROM pro_room r right join (select * from pro_room where parent_id in (41,42,47)  ) as tmp on r.parent_id = tmp.id   [ RunTime:0.0005s ]
SQL: SHOW COLUMNS FROM `pro_village` [ RunTime:0.0034s ]
SQL: SELECT * FROM `pro_village`  [ RunTime:0.0003s ]
INFO: [ view_parse ] --START--
INFO: [ template_filter ] --START--
INFO: Run Behavior\ContentReplaceBehavior [ RunTime:0.000063s ]
INFO: [ template_filter ] --END-- [ RunTime:0.000099s ]
NOTIC: [8] Undefined variable: back C:\Users\15899\Desktop\Property\Application\Runtime\Cache\Admin\2f9b56764f9c1af67471836ef26ee515.php 第 54 行.
INFO: Run Behavior\ParseTemplateBehavior [ RunTime:0.012461s ]
INFO: [ view_parse ] --END-- [ RunTime:0.012497s ]
INFO: [ view_filter ] --START--
INFO: Run Behavior\WriteHtmlCacheBehavior [ RunTime:0.000222s ]
INFO: [ view_filter ] --END-- [ RunTime:0.000248s ]
INFO: [ app_end ] --START--
INFO: Run Behavior\ShowPageTraceBehavior [ RunTime:0.000665s ]
INFO: [ app_end ] --END-- [ RunTime:0.000697s ]

[ 2018-05-22T12:43:08+08:00 ] 127.0.0.1 /index.php/Admin/System/house/parent_id/47/flag/2/village_id/7.html
INFO: [ app_init ] --START--
INFO: Run Behavior\BuildLiteBehavior [ RunTime:0.000011s ]
INFO: [ app_init ] --END-- [ RunTime:0.000256s ]
INFO: [ app_begin ] --START--
INFO: Run Behavior\ReadHtmlCacheBehavior [ RunTime:0.000763s ]
INFO: [ app_begin ] --END-- [ RunTime:0.000817s ]
SQL: SHOW COLUMNS FROM `pro_menu` [ RunTime:0.0059s ]
SQL: SELECT * FROM `pro_menu` WHERE ( hide = 0 ) ORDER BY sort desc  [ RunTime:0.0004s ]
SQL: SHOW COLUMNS FROM `pro_room` [ RunTime:0.0040s ]
SQL: SELECT * FROM `pro_room` WHERE ( id = 47 ) LIMIT 1   [ RunTime:0.0005s ]
SQL: SHOW COLUMNS FROM `pro_room` [ RunTime:0.0033s ]
SQL: SELECT COUNT(*) AS tp_count FROM pro_room r,pro_village v WHERE ( r.parent_id = 47 and v.id = r.village_id and r.village_id = 7 ) LIMIT 1   [ RunTime:0.0005s ]
SQL: SHOW COLUMNS FROM `pro_room` [ RunTime:0.0040s ]
SQL: SELECT r.*,v.name FROM pro_room r,pro_village v WHERE ( r.parent_id = 47 and v.id = r.village_id and r.village_id = 7 ) LIMIT 0,10   [ RunTime:0.0003s ]
SQL: SELECT * FROM `pro_room` WHERE ( parent_id in (48,50)  and village_id = 7 )  [ RunTime:0.0002s ]
SQL: SHOW COLUMNS FROM `pro_village` [ RunTime:0.0045s ]
SQL: SELECT * FROM `pro_village`  [ RunTime:0.0004s ]
INFO: [ view_parse ] --START--
INFO: [ template_filter ] --START--
INFO: Run Behavior\ContentReplaceBehavior [ RunTime:0.000071s ]
INFO: [ template_filter ] --END-- [ RunTime:0.000109s ]
INFO: Run Behavior\ParseTemplateBehavior [ RunTime:0.011725s ]
INFO: [ view_parse ] --END-- [ RunTime:0.011767s ]
INFO: [ view_filter ] --START--
INFO: Run Behavior\WriteHtmlCacheBehavior [ RunTime:0.000311s ]
INFO: [ view_filter ] --END-- [ RunTime:0.000338s ]
INFO: [ app_end ] --START--
INFO: Run Behavior\ShowPageTraceBehavior [ RunTime:0.000561s ]
INFO: [ app_end ] --END-- [ RunTime:0.000612s ]

[ 2018-05-22T12:43:14+08:00 ] 127.0.0.1 /index.php/Admin/System/house/parent_id/47/flag/2/village_id/7.html
INFO: [ app_init ] --START--
INFO: Run Behavior\BuildLiteBehavior [ RunTime:0.000010s ]
INFO: [ app_init ] --END-- [ RunTime:0.000251s ]
INFO: [ app_begin ] --START--
INFO: Run Behavior\ReadHtmlCacheBehavior [ RunTime:0.000460s ]
INFO: [ app_begin ] --END-- [ RunTime:0.000493s ]
SQL: SHOW COLUMNS FROM `pro_menu` [ RunTime:0.0049s ]
SQL: SELECT * FROM `pro_menu` WHERE ( hide = 0 ) ORDER BY sort desc  [ RunTime:0.0004s ]
SQL: SHOW COLUMNS FROM `pro_room` [ RunTime:0.0046s ]
SQL: SELECT * FROM `pro_room` WHERE ( id = 47 ) LIMIT 1   [ RunTime:0.0003s ]
SQL: SHOW COLUMNS FROM `pro_room` [ RunTime:0.0053s ]
SQL: SELECT COUNT(*) AS tp_count FROM pro_room r,pro_village v WHERE ( r.parent_id = 47 and v.id = r.village_id and r.village_id = 7 ) LIMIT 1   [ RunTime:0.0010s ]
SQL: SHOW COLUMNS FROM `pro_room` [ RunTime:0.0033s ]
SQL: SELECT r.*,v.name FROM pro_room r,pro_village v WHERE ( r.parent_id = 47 and v.id = r.village_id and r.village_id = 7 ) LIMIT 0,10   [ RunTime:0.0003s ]
SQL: SELECT * FROM `pro_room` WHERE ( parent_id in (48,50)  and village_id = 7 )  [ RunTime:0.0003s ]
SQL: SHOW COLUMNS FROM `pro_village` [ RunTime:0.0034s ]
SQL: SELECT * FROM `pro_village`  [ RunTime:0.0002s ]
INFO: [ view_parse ] --START--
INFO: [ template_filter ] --START--
INFO: Run Behavior\ContentReplaceBehavior [ RunTime:0.000077s ]
INFO: [ template_filter ] --END-- [ RunTime:0.000117s ]
INFO: Run Behavior\ParseTemplateBehavior [ RunTime:0.012569s ]
INFO: [ view_parse ] --END-- [ RunTime:0.012608s ]
INFO: [ view_filter ] --START--
INFO: Run Behavior\WriteHtmlCacheBehavior [ RunTime:0.000261s ]
INFO: [ view_filter ] --END-- [ RunTime:0.000287s ]
INFO: [ app_end ] --START--
INFO: Run Behavior\ShowPageTraceBehavior [ RunTime:0.000569s ]
INFO: [ app_end ] --END-- [ RunTime:0.000602s ]

[ 2018-05-22T12:43:15+08:00 ] 127.0.0.1 /index.php/Admin/System/addroom.html
INFO: [ app_init ] --START--
INFO: Run Behavior\BuildLiteBehavior [ RunTime:0.000011s ]
INFO: [ app_init ] --END-- [ RunTime:0.000359s ]
INFO: [ app_begin ] --START--
INFO: Run Behavior\ReadHtmlCacheBehavior [ RunTime:0.000421s ]
INFO: [ app_begin ] --END-- [ RunTime:0.000457s ]
SQL: SHOW COLUMNS FROM `pro_menu` [ RunTime:0.0060s ]
SQL: SELECT * FROM `pro_menu` WHERE ( hide = 0 ) ORDER BY sort desc  [ RunTime:0.0004s ]
SQL: SHOW COLUMNS FROM `pro_room` [ RunTime:0.0029s ]
SQL: SELECT * FROM `pro_room`  [ RunTime:0.0003s ]
SQL: SHOW COLUMNS FROM `pro_village` [ RunTime:0.0038s ]
SQL: SELECT * FROM `pro_village`  [ RunTime:0.0004s ]
INFO: [ view_parse ] --START--
INFO: [ template_filter ] --START--
INFO: Run Behavior\ContentReplaceBehavior [ RunTime:0.000064s ]
INFO: [ template_filter ] --END-- [ RunTime:0.000102s ]
INFO: Run Behavior\ParseTemplateBehavior [ RunTime:0.007281s ]
INFO: [ view_parse ] --END-- [ RunTime:0.007350s ]
INFO: [ view_filter ] --START--
INFO: Run Behavior\WriteHtmlCacheBehavior [ RunTime:0.000269s ]
INFO: [ view_filter ] --END-- [ RunTime:0.000301s ]
INFO: [ app_end ] --START--
INFO: Run Behavior\ShowPageTraceBehavior [ RunTime:0.000505s ]
INFO: [ app_end ] --END-- [ RunTime:0.000541s ]

[ 2018-05-22T12:43:58+08:00 ] 127.0.0.1 /index.php/Admin/System/house/parent_id/47/flag/2/village_id/7.html
INFO: [ app_init ] --START--
INFO: Run Behavior\BuildLiteBehavior [ RunTime:0.000029s ]
INFO: [ app_init ] --END-- [ RunTime:0.000502s ]
INFO: [ app_begin ] --START--
INFO: Run Behavior\ReadHtmlCacheBehavior [ RunTime:0.000503s ]
INFO: [ app_begin ] --END-- [ RunTime:0.000541s ]
SQL: SHOW COLUMNS FROM `pro_menu` [ RunTime:0.0065s ]
SQL: SELECT * FROM `pro_menu` WHERE ( hide = 0 ) ORDER BY sort desc  [ RunTime:0.0006s ]
SQL: SHOW COLUMNS FROM `pro_room` [ RunTime:0.0035s ]
SQL: SELECT * FROM `pro_room` WHERE ( id = 47 ) LIMIT 1   [ RunTime:0.0002s ]
SQL: SHOW COLUMNS FROM `pro_room` [ RunTime:0.0046s ]
SQL: SELECT COUNT(*) AS tp_count FROM pro_room r,pro_village v WHERE ( r.parent_id = 47 and v.id = r.village_id and r.village_id = 7 ) LIMIT 1   [ RunTime:0.0003s ]
SQL: SHOW COLUMNS FROM `pro_room` [ RunTime:0.0034s ]
SQL: SELECT r.*,v.name FROM pro_room r,pro_village v WHERE ( r.parent_id = 47 and v.id = r.village_id and r.village_id = 7 ) LIMIT 0,10   [ RunTime:0.0003s ]
SQL: SELECT * FROM `pro_room` WHERE ( parent_id in (48,50)  and village_id = 7 )  [ RunTime:0.0003s ]
SQL: SHOW COLUMNS FROM `pro_village` [ RunTime:0.0030s ]
SQL: SELECT * FROM `pro_village`  [ RunTime:0.0003s ]
INFO: [ view_parse ] --START--
INFO: [ template_filter ] --START--
INFO: Run Behavior\ContentReplaceBehavior [ RunTime:0.000117s ]
INFO: [ template_filter ] --END-- [ RunTime:0.000158s ]
INFO: Run Behavior\ParseTemplateBehavior [ RunTime:0.012471s ]
INFO: [ view_parse ] --END-- [ RunTime:0.012510s ]
INFO: [ view_filter ] --START--
INFO: Run Behavior\WriteHtmlCacheBehavior [ RunTime:0.000216s ]
INFO: [ view_filter ] --END-- [ RunTime:0.000243s ]
INFO: [ app_end ] --START--
INFO: Run Behavior\ShowPageTraceBehavior [ RunTime:0.000654s ]
INFO: [ app_end ] --END-- [ RunTime:0.000688s ]

[ 2018-05-22T12:43:59+08:00 ] 127.0.0.1 /index.php/Admin/System/addroom.html
INFO: [ app_init ] --START--
INFO: Run Behavior\BuildLiteBehavior [ RunTime:0.000019s ]
INFO: [ app_init ] --END-- [ RunTime:0.000547s ]
INFO: [ app_begin ] --START--
INFO: Run Behavior\ReadHtmlCacheBehavior [ RunTime:0.000560s ]
INFO: [ app_begin ] --END-- [ RunTime:0.000611s ]
SQL: SHOW COLUMNS FROM `pro_menu` [ RunTime:0.0069s ]
SQL: SELECT * FROM `pro_menu` WHERE ( hide = 0 ) ORDER BY sort desc  [ RunTime:0.0006s ]
SQL: SHOW COLUMNS FROM `pro_room` [ RunTime:0.0045s ]
SQL: SELECT * FROM `pro_room`  [ RunTime:0.0016s ]
SQL: SHOW COLUMNS FROM `pro_village` [ RunTime:0.0048s ]
SQL: SELECT * FROM `pro_village`  [ RunTime:0.0003s ]
INFO: [ view_parse ] --START--
INFO: [ template_filter ] --START--
INFO: Run Behavior\ContentReplaceBehavior [ RunTime:0.000060s ]
INFO: [ template_filter ] --END-- [ RunTime:0.000093s ]
INFO: Run Behavior\ParseTemplateBehavior [ RunTime:0.006202s ]
INFO: [ view_parse ] --END-- [ RunTime:0.006245s ]
INFO: [ view_filter ] --START--
INFO: Run Behavior\WriteHtmlCacheBehavior [ RunTime:0.000209s ]
INFO: [ view_filter ] --END-- [ RunTime:0.000233s ]
INFO: [ app_end ] --START--
INFO: Run Behavior\ShowPageTraceBehavior [ RunTime:0.000633s ]
INFO: [ app_end ] --END-- [ RunTime:0.000710s ]

[ 2018-05-22T12:46:04+08:00 ] 127.0.0.1 /index.php/Admin/System/addroom.html
INFO: [ app_init ] --START--
INFO: Run Behavior\BuildLiteBehavior [ RunTime:0.000031s ]
INFO: [ app_init ] --END-- [ RunTime:0.000561s ]
INFO: [ app_begin ] --START--
INFO: Run Behavior\ReadHtmlCacheBehavior [ RunTime:0.000496s ]
INFO: [ app_begin ] --END-- [ RunTime:0.000534s ]
SQL: SHOW COLUMNS FROM `pro_menu` [ RunTime:0.0061s ]
SQL: SELECT * FROM `pro_menu` WHERE ( hide = 0 ) ORDER BY sort desc  [ RunTime:0.0005s ]
SQL: SHOW COLUMNS FROM `pro_room` [ RunTime:0.0030s ]
SQL: SELECT * FROM `pro_room`  [ RunTime:0.0003s ]
SQL: SHOW COLUMNS FROM `pro_village` [ RunTime:0.0026s ]
SQL: SELECT * FROM `pro_village`  [ RunTime:0.0003s ]
INFO: [ view_parse ] --START--
INFO: [ template_filter ] --START--
INFO: Run Behavior\ContentReplaceBehavior [ RunTime:0.000098s ]
INFO: [ template_filter ] --END-- [ RunTime:0.000171s ]
INFO: Run Behavior\ParseTemplateBehavior [ RunTime:0.007561s ]
INFO: [ view_parse ] --END-- [ RunTime:0.007614s ]
INFO: [ view_filter ] --START--
INFO: Run Behavior\WriteHtmlCacheBehavior [ RunTime:0.000544s ]
INFO: [ view_filter ] --END-- [ RunTime:0.000590s ]
INFO: [ app_end ] --START--
INFO: Run Behavior\ShowPageTraceBehavior [ RunTime:0.000649s ]
INFO: [ app_end ] --END-- [ RunTime:0.000695s ]

[ 2018-05-22T12:49:30+08:00 ] 127.0.0.1 /index.php/Admin/System/house/parent_id/47/flag/2/village_id/7.html
INFO: [ app_init ] --START--
INFO: Run Behavior\BuildLiteBehavior [ RunTime:0.000014s ]
INFO: [ app_init ] --END-- [ RunTime:0.000340s ]
INFO: [ app_begin ] --START--
INFO: Run Behavior\ReadHtmlCacheBehavior [ RunTime:0.000495s ]
INFO: [ app_begin ] --END-- [ RunTime:0.000529s ]
SQL: SHOW COLUMNS FROM `pro_menu` [ RunTime:0.0036s ]
SQL: SELECT * FROM `pro_menu` WHERE ( hide = 0 ) ORDER BY sort desc  [ RunTime:0.0005s ]
SQL: SHOW COLUMNS FROM `pro_room` [ RunTime:0.0046s ]
SQL: SELECT * FROM `pro_room` WHERE ( id = 47 ) LIMIT 1   [ RunTime:0.0003s ]
SQL: SHOW COLUMNS FROM `pro_room` [ RunTime:0.0033s ]
SQL: SELECT COUNT(*) AS tp_count FROM pro_room r,pro_village v WHERE ( r.parent_id = 47 and v.id = r.village_id and r.village_id = 7 ) LIMIT 1   [ RunTime:0.0003s ]
SQL: SHOW COLUMNS FROM `pro_room` [ RunTime:0.0027s ]
SQL: SELECT r.*,v.name FROM pro_room r,pro_village v WHERE ( r.parent_id = 47 and v.id = r.village_id and r.village_id = 7 ) LIMIT 0,10   [ RunTime:0.0003s ]
SQL: SELECT * FROM `pro_room` WHERE ( parent_id in (48,50)  and village_id = 7 )  [ RunTime:0.0003s ]
SQL: SHOW COLUMNS FROM `pro_village` [ RunTime:0.0028s ]
SQL: SELECT * FROM `pro_village`  [ RunTime:0.0003s ]
INFO: [ view_parse ] --START--
INFO: [ template_filter ] --START--
INFO: Run Behavior\ContentReplaceBehavior [ RunTime:0.000080s ]
INFO: [ template_filter ] --END-- [ RunTime:0.000120s ]
INFO: Run Behavior\ParseTemplateBehavior [ RunTime:0.013605s ]
INFO: [ view_parse ] --END-- [ RunTime:0.013646s ]
INFO: [ view_filter ] --START--
INFO: Run Behavior\WriteHtmlCacheBehavior [ RunTime:0.000339s ]
INFO: [ view_filter ] --END-- [ RunTime:0.000365s ]
INFO: [ app_end ] --START--
INFO: Run Behavior\ShowPageTraceBehavior [ RunTime:0.000870s ]
INFO: [ app_end ] --END-- [ RunTime:0.000906s ]

[ 2018-05-22T12:49:31+08:00 ] 127.0.0.1 /index.php/Admin/System/addroom.html
INFO: [ app_init ] --START--
INFO: Run Behavior\BuildLiteBehavior [ RunTime:0.000011s ]
INFO: [ app_init ] --END-- [ RunTime:0.000298s ]
INFO: [ app_begin ] --START--
INFO: Run Behavior\ReadHtmlCacheBehavior [ RunTime:0.000409s ]
INFO: [ app_begin ] --END-- [ RunTime:0.000446s ]
SQL: SHOW COLUMNS FROM `pro_menu` [ RunTime:0.0052s ]
SQL: SELECT * FROM `pro_menu` WHERE ( hide = 0 ) ORDER BY sort desc  [ RunTime:0.0005s ]
SQL: SHOW COLUMNS FROM `pro_room` [ RunTime:0.0035s ]
SQL: SELECT * FROM `pro_room`  [ RunTime:0.0003s ]
SQL: SHOW COLUMNS FROM `pro_village` [ RunTime:0.0040s ]
SQL: SELECT * FROM `pro_village`  [ RunTime:0.0005s ]
INFO: [ view_parse ] --START--
INFO: [ template_filter ] --START--
INFO: Run Behavior\ContentReplaceBehavior [ RunTime:0.000061s ]
INFO: [ template_filter ] --END-- [ RunTime:0.000097s ]
INFO: Run Behavior\ParseTemplateBehavior [ RunTime:0.008051s ]
INFO: [ view_parse ] --END-- [ RunTime:0.008094s ]
INFO: [ view_filter ] --START--
INFO: Run Behavior\WriteHtmlCacheBehavior [ RunTime:0.000304s ]
INFO: [ view_filter ] --END-- [ RunTime:0.000331s ]
INFO: [ app_end ] --START--
INFO: Run Behavior\ShowPageTraceBehavior [ RunTime:0.000555s ]
INFO: [ app_end ] --END-- [ RunTime:0.000592s ]

[ 2018-05-22T12:50:30+08:00 ] 127.0.0.1 /index.php/Admin/System/addroom.html
INFO: [ app_init ] --START--
INFO: Run Behavior\BuildLiteBehavior [ RunTime:0.000009s ]
INFO: [ app_init ] --END-- [ RunTime:0.000251s ]
INFO: [ app_begin ] --START--
INFO: Run Behavior\ReadHtmlCacheBehavior [ RunTime:0.000389s ]
INFO: [ app_begin ] --END-- [ RunTime:0.000424s ]
SQL: SHOW COLUMNS FROM `pro_menu` [ RunTime:0.0059s ]
SQL: SELECT * FROM `pro_menu` WHERE ( hide = 0 ) ORDER BY sort desc  [ RunTime:0.0009s ]
SQL: SHOW COLUMNS FROM `pro_room` [ RunTime:0.0071s ]
SQL: SELECT * FROM `pro_room`  [ RunTime:0.0009s ]
SQL: SHOW COLUMNS FROM `pro_village` [ RunTime:0.0088s ]
SQL: SELECT * FROM `pro_village`  [ RunTime:0.0008s ]
INFO: [ view_parse ] --START--
INFO: [ template_filter ] --START--
INFO: Run Behavior\ContentReplaceBehavior [ RunTime:0.000233s ]
INFO: [ template_filter ] --END-- [ RunTime:0.000366s ]
INFO: Run Behavior\ParseTemplateBehavior [ RunTime:0.023517s ]
INFO: [ view_parse ] --END-- [ RunTime:0.023676s ]
INFO: [ view_filter ] --START--
INFO: Run Behavior\WriteHtmlCacheBehavior [ RunTime:0.000927s ]
INFO: [ view_filter ] --END-- [ RunTime:0.001031s ]
INFO: [ app_end ] --START--
INFO: Run Behavior\ShowPageTraceBehavior [ RunTime:0.001751s ]
INFO: [ app_end ] --END-- [ RunTime:0.001887s ]

[ 2018-05-22T12:51:36+08:00 ] 127.0.0.1 /index.php/Admin/System/addroom.html
INFO: [ app_init ] --START--
INFO: Run Behavior\BuildLiteBehavior [ RunTime:0.000010s ]
INFO: [ app_init ] --END-- [ RunTime:0.000288s ]
INFO: [ app_begin ] --START--
INFO: Run Behavior\ReadHtmlCacheBehavior [ RunTime:0.000489s ]
INFO: [ app_begin ] --END-- [ RunTime:0.000525s ]
SQL: SHOW COLUMNS FROM `pro_menu` [ RunTime:0.0053s ]
SQL: SELECT * FROM `pro_menu` WHERE ( hide = 0 ) ORDER BY sort desc  [ RunTime:0.0005s ]
SQL: SHOW COLUMNS FROM `pro_room` [ RunTime:0.0027s ]
SQL: SELECT * FROM `pro_room`  [ RunTime:0.0003s ]
SQL: SHOW COLUMNS FROM `pro_village` [ RunTime:0.0027s ]
SQL: SELECT * FROM `pro_village`  [ RunTime:0.0003s ]
INFO: [ view_parse ] --START--
INFO: [ template_filter ] --START--
INFO: Run Behavior\ContentReplaceBehavior [ RunTime:0.000058s ]
INFO: [ template_filter ] --END-- [ RunTime:0.000094s ]
INFO: Run Behavior\ParseTemplateBehavior [ RunTime:0.007335s ]
INFO: [ view_parse ] --END-- [ RunTime:0.007391s ]
INFO: [ view_filter ] --START--
INFO: Run Behavior\WriteHtmlCacheBehavior [ RunTime:0.000279s ]
INFO: [ view_filter ] --END-- [ RunTime:0.000305s ]
INFO: [ app_end ] --START--
INFO: Run Behavior\ShowPageTraceBehavior [ RunTime:0.000830s ]
INFO: [ app_end ] --END-- [ RunTime:0.000867s ]

[ 2018-05-22T12:52:23+08:00 ] 127.0.0.1 /index.php/Admin/System/addroom.html
INFO: [ app_init ] --START--
INFO: Run Behavior\BuildLiteBehavior [ RunTime:0.000012s ]
INFO: [ app_init ] --END-- [ RunTime:0.000258s ]
INFO: [ app_begin ] --START--
INFO: Run Behavior\ReadHtmlCacheBehavior [ RunTime:0.000402s ]
INFO: [ app_begin ] --END-- [ RunTime:0.000435s ]
SQL: SHOW COLUMNS FROM `pro_menu` [ RunTime:0.0059s ]
SQL: SELECT * FROM `pro_menu` WHERE ( hide = 0 ) ORDER BY sort desc  [ RunTime:0.0009s ]
SQL: SHOW COLUMNS FROM `pro_room` [ RunTime:0.0033s ]
SQL: SELECT * FROM `pro_room`  [ RunTime:0.0003s ]
SQL: SHOW COLUMNS FROM `pro_village` [ RunTime:0.0029s ]
SQL: SELECT * FROM `pro_village`  [ RunTime:0.0003s ]
INFO: [ view_parse ] --START--
INFO: [ template_filter ] --START--
INFO: Run Behavior\ContentReplaceBehavior [ RunTime:0.000059s ]
INFO: [ template_filter ] --END-- [ RunTime:0.000101s ]
INFO: Run Behavior\ParseTemplateBehavior [ RunTime:0.006896s ]
INFO: [ view_parse ] --END-- [ RunTime:0.006966s ]
INFO: [ view_filter ] --START--
INFO: Run Behavior\WriteHtmlCacheBehavior [ RunTime:0.000390s ]
INFO: [ view_filter ] --END-- [ RunTime:0.000426s ]
INFO: [ app_end ] --START--
INFO: Run Behavior\ShowPageTraceBehavior [ RunTime:0.000656s ]
INFO: [ app_end ] --END-- [ RunTime:0.000714s ]

[ 2018-05-22T12:53:45+08:00 ] 127.0.0.1 /index.php/Admin/System/house/parent_id/47/flag/2/village_id/7.html
INFO: [ app_init ] --START--
INFO: Run Behavior\BuildLiteBehavior [ RunTime:0.000021s ]
INFO: [ app_init ] --END-- [ RunTime:0.000605s ]
INFO: [ app_begin ] --START--
INFO: Run Behavior\ReadHtmlCacheBehavior [ RunTime:0.000527s ]
INFO: [ app_begin ] --END-- [ RunTime:0.000593s ]
SQL: SHOW COLUMNS FROM `pro_menu` [ RunTime:0.0063s ]
SQL: SELECT * FROM `pro_menu` WHERE ( hide = 0 ) ORDER BY sort desc  [ RunTime:0.0008s ]
SQL: SHOW COLUMNS FROM `pro_room` [ RunTime:0.0040s ]
SQL: SELECT * FROM `pro_room` WHERE ( id = 47 ) LIMIT 1   [ RunTime:0.0002s ]
SQL: SHOW COLUMNS FROM `pro_room` [ RunTime:0.0028s ]
SQL: SELECT COUNT(*) AS tp_count FROM pro_room r,pro_village v WHERE ( r.parent_id = 47 and v.id = r.village_id and r.village_id = 7 ) LIMIT 1   [ RunTime:0.0003s ]
SQL: SHOW COLUMNS FROM `pro_room` [ RunTime:0.0027s ]
SQL: SELECT r.*,v.name FROM pro_room r,pro_village v WHERE ( r.parent_id = 47 and v.id = r.village_id and r.village_id = 7 ) LIMIT 0,10   [ RunTime:0.0003s ]
SQL: SELECT * FROM `pro_room` WHERE ( parent_id in (48,50)  and village_id = 7 )  [ RunTime:0.0003s ]
SQL: SHOW COLUMNS FROM `pro_village` [ RunTime:0.0042s ]
SQL: SELECT * FROM `pro_village`  [ RunTime:0.0003s ]
INFO: [ view_parse ] --START--
INFO: [ template_filter ] --START--
INFO: Run Behavior\ContentReplaceBehavior [ RunTime:0.000073s ]
INFO: [ template_filter ] --END-- [ RunTime:0.000106s ]
INFO: Run Behavior\ParseTemplateBehavior [ RunTime:0.011777s ]
INFO: [ view_parse ] --END-- [ RunTime:0.011840s ]
INFO: [ view_filter ] --START--
INFO: Run Behavior\WriteHtmlCacheBehavior [ RunTime:0.000633s ]
INFO: [ view_filter ] --END-- [ RunTime:0.000668s ]
INFO: [ app_end ] --START--
INFO: Run Behavior\ShowPageTraceBehavior [ RunTime:0.000706s ]
INFO: [ app_end ] --END-- [ RunTime:0.000765s ]

[ 2018-05-22T12:53:54+08:00 ] 127.0.0.1 /index.php/Admin/System/house/parent_id/47/flag/2/village_id/7.html
INFO: [ app_init ] --START--
INFO: Run Behavior\BuildLiteBehavior [ RunTime:0.000011s ]
INFO: [ app_init ] --END-- [ RunTime:0.000291s ]
INFO: [ app_begin ] --START--
INFO: Run Behavior\ReadHtmlCacheBehavior [ RunTime:0.000505s ]
INFO: [ app_begin ] --END-- [ RunTime:0.000571s ]
SQL: SHOW COLUMNS FROM `pro_menu` [ RunTime:0.0051s ]
SQL: SELECT * FROM `pro_menu` WHERE ( hide = 0 ) ORDER BY sort desc  [ RunTime:0.0006s ]
SQL: SHOW COLUMNS FROM `pro_room` [ RunTime:0.0030s ]
SQL: SELECT * FROM `pro_room` WHERE ( id = 47 ) LIMIT 1   [ RunTime:0.0004s ]
SQL: SHOW COLUMNS FROM `pro_room` [ RunTime:0.0040s ]
SQL: SELECT COUNT(*) AS tp_count FROM pro_room r,pro_village v WHERE ( r.parent_id = 47 and v.id = r.village_id and r.village_id = 7 ) LIMIT 1   [ RunTime:0.0004s ]
SQL: SHOW COLUMNS FROM `pro_room` [ RunTime:0.0027s ]
SQL: SELECT r.*,v.name FROM pro_room r,pro_village v WHERE ( r.parent_id = 47 and v.id = r.village_id and r.village_id = 7 ) LIMIT 0,10   [ RunTime:0.0003s ]
SQL: SELECT * FROM `pro_room` WHERE ( parent_id in (48,50)  and village_id = 7 )  [ RunTime:0.0002s ]
SQL: SHOW COLUMNS FROM `pro_village` [ RunTime:0.0034s ]
SQL: SELECT * FROM `pro_village`  [ RunTime:0.0005s ]
INFO: [ view_parse ] --START--
INFO: [ template_filter ] --START--
INFO: Run Behavior\ContentReplaceBehavior [ RunTime:0.000077s ]
INFO: [ template_filter ] --END-- [ RunTime:0.000115s ]
INFO: Run Behavior\ParseTemplateBehavior [ RunTime:0.013072s ]
INFO: [ view_parse ] --END-- [ RunTime:0.013113s ]
INFO: [ view_filter ] --START--
INFO: Run Behavior\WriteHtmlCacheBehavior [ RunTime:0.000279s ]
INFO: [ view_filter ] --END-- [ RunTime:0.000304s ]
INFO: [ app_end ] --START--
INFO: Run Behavior\ShowPageTraceBehavior [ RunTime:0.000731s ]
INFO: [ app_end ] --END-- [ RunTime:0.000784s ]

[ 2018-05-22T12:53:55+08:00 ] 127.0.0.1 /index.php/Admin/System/addroom.html
INFO: [ app_init ] --START--
INFO: Run Behavior\BuildLiteBehavior [ RunTime:0.000021s ]
INFO: [ app_init ] --END-- [ RunTime:0.000467s ]
INFO: [ app_begin ] --START--
INFO: Run Behavior\ReadHtmlCacheBehavior [ RunTime:0.000680s ]
INFO: [ app_begin ] --END-- [ RunTime:0.000721s ]
SQL: SHOW COLUMNS FROM `pro_menu` [ RunTime:0.0074s ]
SQL: SELECT * FROM `pro_menu` WHERE ( hide = 0 ) ORDER BY sort desc  [ RunTime:0.0004s ]
SQL: SHOW COLUMNS FROM `pro_room` [ RunTime:0.0029s ]
SQL: SELECT * FROM `pro_room`  [ RunTime:0.0004s ]
SQL: SHOW COLUMNS FROM `pro_village` [ RunTime:0.0031s ]
SQL: SELECT * FROM `pro_village`  [ RunTime:0.0003s ]
INFO: [ view_parse ] --START--
INFO: [ template_filter ] --START--
INFO: Run Behavior\ContentReplaceBehavior [ RunTime:0.000060s ]
INFO: [ template_filter ] --END-- [ RunTime:0.000094s ]
INFO: Run Behavior\ParseTemplateBehavior [ RunTime:0.007867s ]
INFO: [ view_parse ] --END-- [ RunTime:0.007913s ]
INFO: [ view_filter ] --START--
INFO: Run Behavior\WriteHtmlCacheBehavior [ RunTime:0.000249s ]
INFO: [ view_filter ] --END-- [ RunTime:0.000274s ]
INFO: [ app_end ] --START--
INFO: Run Behavior\ShowPageTraceBehavior [ RunTime:0.000568s ]
INFO: [ app_end ] --END-- [ RunTime:0.000599s ]

